#-----------------------------------------------------------
# Vivado v2016.3 (64-bit)
# SW Build 1682563 on Mon Oct 10 19:07:27 MDT 2016
# IP Build 1681267 on Mon Oct 10 21:28:31 MDT 2016
# Start of session at: Sun Mar 11 15:37:48 2018
# Process ID: 3764
# Current directory: E:/project/vivado/ku115/ip/managed_ip_project
# Command line: vivado.exe -gui_launcher_event rodinguilauncherevent3376 E:\project\vivado\ku115\ip\managed_ip_project\managed_ip_project.xpr
# Log file: E:/project/vivado/ku115/ip/managed_ip_project/vivado.log
# Journal file: E:/project/vivado/ku115/ip/managed_ip_project\vivado.jou
#-----------------------------------------------------------
start_gui
open_project E:/project/vivado/ku115/ip/managed_ip_project/managed_ip_project.xpr
Scanning sources...
Finished scanning sources
WARNING: [filemgmt 56-3] IP Repository Path: Could not find the directory 'c:/Users/diabolum/Desktop/dotscore'.
WARNING: [filemgmt 56-3] IP Output Repository Path: Could not find the directory 'E:/project/vivado/ku115/ip/managed_ip_project/managed_ip_project.cache/ip'.
INFO: [IP_Flow 19-234] Refreshing IP repositories
WARNING: [IP_Flow 19-2248] Failed to load user IP repository 'c:/Users/diabolum/Desktop/dotscore'; Can't find the specified path.
If this directory should no longer be in your list of user repositories, go to the IP Settings dialog and remove it.
INFO: [IP_Flow 19-2313] Loaded Vivado IP repository 'D:/Xilinx/Vivado/2016.3/data/ip'.
ipx::infer_core -vendor xilinx.com -library user -taxonomy /UserIP E:/project/vivado/ku115/ip/ip_repo/ds_top/src
WARNING: [IP_Flow 19-3833] Unreferenced file from the top module is not packaged: 'E:/project/vivado/ku115/ip/ip_repo/ds_top/src/tb_defines.v'.
INFO: [IP_Flow 19-1842] HDL Parser: Found include file "ds_define.vh" from the top-level HDL file.
INFO: [IP_Flow 19-234] Refreshing IP repositories
WARNING: [IP_Flow 19-2248] Failed to load user IP repository 'c:/Users/diabolum/Desktop/dotscore'; Can't find the specified path.
If this directory should no longer be in your list of user repositories, go to the IP Settings dialog and remove it.
INFO: [IP_Flow 19-2313] Loaded Vivado IP repository 'D:/Xilinx/Vivado/2016.3/data/ip'.
INFO: [IP_Flow 19-2228] Inferred bus interface 's_axi' of definition 'xilinx.com:interface:aximm:1.0'.
INFO: [IP_Flow 19-2228] Inferred bus interface 'm_axis_s' of definition 'xilinx.com:interface:axis:1.0'.
INFO: [IP_Flow 19-4753] Inferred signal 'reset' from port 's_axi_aresetn' as interface 's_axi_aresetn'.
INFO: [IP_Flow 19-4728] Bus Interface 's_axi_aresetn': Added interface parameter 'POLARITY' with value 'ACTIVE_LOW'.
INFO: [IP_Flow 19-4753] Inferred signal 'reset' from port 'rst' as interface 'rst'.
INFO: [IP_Flow 19-4753] Inferred signal 'clock' from port 's_axi_aclk' as interface 's_axi_aclk'.
INFO: [IP_Flow 19-4728] Bus Interface 's_axi_aclk': Added interface parameter 'ASSOCIATED_BUSIF' with value 's_axi'.
INFO: [IP_Flow 19-4728] Bus Interface 's_axi_aclk': Added interface parameter 'ASSOCIATED_RESET' with value 's_axi_aresetn'.
INFO: [IP_Flow 19-4753] Inferred signal 'clock' from port 'clk' as interface 'clk'.
INFO: [IP_Flow 19-4728] Bus Interface 'clk': Added interface parameter 'ASSOCIATED_BUSIF' with value 'm_axis_s'.
INFO: [IP_Flow 19-4728] Bus Interface 'clk': Added interface parameter 'ASSOCIATED_RESET' with value 'rst'.
INFO: [IP_Flow 19-4753] Inferred signal 'clock' from port 'm_clk' as interface 'm_clk'.
INFO: [IP_Flow 19-4728] Bus Interface 'm_clk': Added interface parameter 'ASSOCIATED_RESET' with value 'rst'.
****** Webtalk v2016.3 (64-bit)
  **** SW Build 1682563 on Mon Oct 10 19:07:27 MDT 2016
  **** IP Build 1681267 on Mon Oct 10 21:28:31 MDT 2016
    ** Copyright 1986-2016 Xilinx, Inc. All Rights Reserved.

source E:/project/vivado/ku115/ip/managed_ip_project/.Xil/Vivado-3764-diabolum-PC/webtalk/labtool_webtalk.tcl -notrace
INFO: [Common 17-206] Exiting Webtalk at Sun Mar 11 15:40:07 2018...
ipx::edit_ip_in_project -upgrade true -name edit_ip_project -directory E:/project/vivado/ku115/ip/managed_ip_project/managed_ip_project.tmp e:/project/vivado/ku115/ip/ip_repo/ds_top/src/component.xml
INFO: [IP_Flow 19-234] Refreshing IP repositories
INFO: [IP_Flow 19-1704] No user IP repositories specified
INFO: [IP_Flow 19-2313] Loaded Vivado IP repository 'D:/Xilinx/Vivado/2016.3/data/ip'.
INFO: [IP_Flow 19-234] Refreshing IP repositories
WARNING: [IP_Flow 19-2248] Failed to load user IP repository 'c:/Users/diabolum/Desktop/dotscore'; Can't find the specified path.
If this directory should no longer be in your list of user repositories, go to the IP Settings dialog and remove it.
INFO: [IP_Flow 19-795] Syncing license key meta-data
INFO: [IP_Flow 19-793] Syncing display name meta-data
INFO: [IP_Flow 19-798] Syncing taxonomy meta-data
ipx::current_core e:/project/vivado/ku115/ip/ip_repo/ds_top/src/component.xml
import_files
INFO: [filemgmt 20-348] Importing the appropriate files for fileset: 'sources_1'
ipx::add_bus_interface pep_axis [ipx::current_core]
set_property abstraction_type_vlnv xilinx.com:interface:axis_rtl:1.0 [ipx::get_bus_interfaces pep_axis -of_objects [ipx::current_core]]
set_property bus_type_vlnv xilinx.com:interface:axis:1.0 [ipx::get_bus_interfaces pep_axis -of_objects [ipx::current_core]]
ipx::add_port_map TUSER [ipx::get_bus_interfaces pep_axis -of_objects [ipx::current_core]]
set_property physical_name pep_user_s [ipx::get_port_maps TUSER -of_objects [ipx::get_bus_interfaces pep_axis -of_objects [ipx::current_core]]]
ipx::add_port_map TVALID [ipx::get_bus_interfaces pep_axis -of_objects [ipx::current_core]]
set_property physical_name pep_valid_s [ipx::get_port_maps TVALID -of_objects [ipx::get_bus_interfaces pep_axis -of_objects [ipx::current_core]]]
ipx::add_port_map TLAST [ipx::get_bus_interfaces pep_axis -of_objects [ipx::current_core]]
set_property physical_name pep_last_s [ipx::get_port_maps TLAST -of_objects [ipx::get_bus_interfaces pep_axis -of_objects [ipx::current_core]]]
ipx::add_port_map TDATA [ipx::get_bus_interfaces pep_axis -of_objects [ipx::current_core]]
set_property physical_name pep_data_s [ipx::get_port_maps TDATA -of_objects [ipx::get_bus_interfaces pep_axis -of_objects [ipx::current_core]]]
ipx::add_port_map TKEEP [ipx::get_bus_interfaces pep_axis -of_objects [ipx::current_core]]
set_property physical_name pep_keep_s [ipx::get_port_maps TKEEP -of_objects [ipx::get_bus_interfaces pep_axis -of_objects [ipx::current_core]]]
ipx::add_port_map TREADY [ipx::get_bus_interfaces pep_axis -of_objects [ipx::current_core]]
set_property physical_name pep_ready_s [ipx::get_port_maps TREADY -of_objects [ipx::get_bus_interfaces pep_axis -of_objects [ipx::current_core]]]
ipx::add_bus_interface spec [ipx::current_core]
set_property abstraction_type_vlnv xilinx.com:interface:axis_rtl:1.0 [ipx::get_bus_interfaces spec -of_objects [ipx::current_core]]
set_property bus_type_vlnv xilinx.com:interface:axis:1.0 [ipx::get_bus_interfaces spec -of_objects [ipx::current_core]]
set_property name spec_axis [ipx::get_bus_interfaces spec -of_objects [ipx::current_core]]
ipx::add_port_map TVALID [ipx::get_bus_interfaces spec_axis -of_objects [ipx::current_core]]
set_property physical_name spec_valid [ipx::get_port_maps TVALID -of_objects [ipx::get_bus_interfaces spec_axis -of_objects [ipx::current_core]]]
ipx::add_port_map TDATA [ipx::get_bus_interfaces spec_axis -of_objects [ipx::current_core]]
set_property physical_name spec_data [ipx::get_port_maps TDATA -of_objects [ipx::get_bus_interfaces spec_axis -of_objects [ipx::current_core]]]
ipx::add_port_map TLAST [ipx::get_bus_interfaces spec_axis -of_objects [ipx::current_core]]
set_property physical_name spec_last [ipx::get_port_maps TLAST -of_objects [ipx::get_bus_interfaces spec_axis -of_objects [ipx::current_core]]]
ipx::add_port_map TKEEP [ipx::get_bus_interfaces spec_axis -of_objects [ipx::current_core]]
set_property physical_name spec_keep [ipx::get_port_maps TKEEP -of_objects [ipx::get_bus_interfaces spec_axis -of_objects [ipx::current_core]]]
ipx::add_port_map TREADY [ipx::get_bus_interfaces spec_axis -of_objects [ipx::current_core]]
set_property physical_name spec_ready [ipx::get_port_maps TREADY -of_objects [ipx::get_bus_interfaces spec_axis -of_objects [ipx::current_core]]]
set_property value pep_axis:spec_axis [ipx::get_bus_parameters ASSOCIATED_BUSIF -of_objects [ipx::get_bus_interfaces clk -of_objects [ipx::current_core]]]
ipx::add_bus_parameter ASSOCIATED_BUSIF [ipx::get_bus_interfaces m_clk -of_objects [ipx::current_core]]
set_property value m_axis_s [ipx::get_bus_parameters ASSOCIATED_BUSIF -of_objects [ipx::get_bus_interfaces m_clk -of_objects [ipx::current_core]]]
ipx::merge_project_changes hdl_parameters [ipx::current_core]
INFO: [IP_Flow 19-1842] HDL Parser: Found include file "ds_define.vh" from the top-level HDL file.
set_property range 4096 [ipx::get_address_blocks reg0 -of_objects [ipx::get_memory_maps s_axi -of_objects [ipx::current_core]]]
set_property range_dependency {} [ipx::get_address_blocks reg0 -of_objects [ipx::get_memory_maps s_axi -of_objects [ipx::current_core]]]
set_property vendor fudan [ipx::current_core]
set_property library bio [ipx::current_core]
set_property previous_version_for_upgrade xilinx.com:user:ds_top:1.0 [ipx::current_core]
set_property core_revision 1 [ipx::current_core]
ipx::create_xgui_files [ipx::current_core]
ipx::update_checksums [ipx::current_core]
ipx::save_core [ipx::current_core]
close_project -delete
****** Webtalk v2016.3 (64-bit)
  **** SW Build 1682563 on Mon Oct 10 19:07:27 MDT 2016
  **** IP Build 1681267 on Mon Oct 10 21:28:31 MDT 2016
    ** Copyright 1986-2016 Xilinx, Inc. All Rights Reserved.

source e:/project/vivado/ku115/ip/managed_ip_project/managed_ip_project.tmp/edit_ip_project.hw/webtalk/labtool_webtalk.tcl -notrace
INFO: [Common 17-206] Exiting Webtalk at Sun Mar 11 15:44:21 2018...
set_property  ip_repo_paths  {e:/project/vivado/ku115/ip/ip_repo/ds_top/src c:/Users/diabolum/Desktop/dotscore} [current_project]
update_ip_catalog
INFO: [IP_Flow 19-234] Refreshing IP repositories
INFO: [IP_Flow 19-1700] Loaded user IP repository 'e:/project/vivado/ku115/ip/ip_repo/ds_top/src'.
WARNING: [IP_Flow 19-2248] Failed to load user IP repository 'c:/Users/diabolum/Desktop/dotscore'; Can't find the specified path.
If this directory should no longer be in your list of user repositories, go to the IP Settings dialog and remove it.
ipx::edit_ip_in_project -upgrade true -name ds_top_v1_0_v1_0_project -directory E:/project/vivado/ku115/ip/managed_ip_project/managed_ip_project.tmp/ds_top_v1_0_v1_0_project e:/project/vivado/ku115/ip/ip_repo/ds_top/src/component.xml
INFO: [ProjectBase 1-489] The host OS only allows 260 characters in a normal path. The project is stored in a path with more than 80 characters. If you experience issues with IP, Block Designs, or files not being found, please consider moving the project to a location with a shorter path. Alternately consider using the OS subst command to map part of the path to a drive letter.
Current project path is 'e:/project/vivado/ku115/ip/managed_ip_project/managed_ip_project.tmp/ds_top_v1_0_v1_0_project'
INFO: [IP_Flow 19-234] Refreshing IP repositories
INFO: [IP_Flow 19-1704] No user IP repositories specified
INFO: [IP_Flow 19-2313] Loaded Vivado IP repository 'D:/Xilinx/Vivado/2016.3/data/ip'.
INFO: [IP_Flow 19-234] Refreshing IP repositories
INFO: [IP_Flow 19-1700] Loaded user IP repository 'e:/project/vivado/ku115/ip/ip_repo/ds_top/src'.
WARNING: [IP_Flow 19-2248] Failed to load user IP repository 'c:/Users/diabolum/Desktop/dotscore'; Can't find the specified path.
If this directory should no longer be in your list of user repositories, go to the IP Settings dialog and remove it.
INFO: [IP_Flow 19-795] Syncing license key meta-data
INFO: [IP_Flow 19-793] Syncing display name meta-data
INFO: [IP_Flow 19-798] Syncing taxonomy meta-data
INFO: [IP_Flow 19-799] Syncing upgrade version meta-data
close_project
****** Webtalk v2016.3 (64-bit)
  **** SW Build 1682563 on Mon Oct 10 19:07:27 MDT 2016
  **** IP Build 1681267 on Mon Oct 10 21:28:31 MDT 2016
    ** Copyright 1986-2016 Xilinx, Inc. All Rights Reserved.

source e:/project/vivado/ku115/ip/managed_ip_project/managed_ip_project.tmp/ds_top_v1_0_v1_0_project/ds_top_v1_0_v1_0_project.hw/webtalk/labtool_webtalk.tcl -notrace
INFO: [Common 17-206] Exiting Webtalk at Sun Mar 11 15:45:07 2018...
ipx::infer_core -vendor xilinx.com -library user -taxonomy /UserIP E:/project/vivado/ku115/ip/ip_repo/data_path
INFO: [IP_Flow 19-234] Refreshing IP repositories
INFO: [IP_Flow 19-1700] Loaded user IP repository 'e:/project/vivado/ku115/ip/ip_repo/ds_top/src'.
WARNING: [IP_Flow 19-2248] Failed to load user IP repository 'c:/Users/diabolum/Desktop/dotscore'; Can't find the specified path.
If this directory should no longer be in your list of user repositories, go to the IP Settings dialog and remove it.
INFO: [IP_Flow 19-2313] Loaded Vivado IP repository 'D:/Xilinx/Vivado/2016.3/data/ip'.
INFO: [IP_Flow 19-2228] Inferred bus interface 'axis_dma' of definition 'xilinx.com:interface:axis:1.0'.
INFO: [IP_Flow 19-4753] Inferred signal 'reset' from port 'rst' as interface 'rst'.
INFO: [IP_Flow 19-4753] Inferred signal 'clock' from port 'dma_clk' as interface 'dma_clk'.
INFO: [IP_Flow 19-4728] Bus Interface 'dma_clk': Added interface parameter 'ASSOCIATED_RESET' with value 'rst'.
INFO: [IP_Flow 19-4753] Inferred signal 'clock' from port 'ddr_clk' as interface 'ddr_clk'.
INFO: [IP_Flow 19-4728] Bus Interface 'ddr_clk': Added interface parameter 'ASSOCIATED_RESET' with value 'rst'.
INFO: [IP_Flow 19-4753] Inferred signal 'clock' from port 'usr_clk' as interface 'usr_clk'.
INFO: [IP_Flow 19-4728] Bus Interface 'usr_clk': Added interface parameter 'ASSOCIATED_RESET' with value 'rst'.
INFO: [IP_Flow 19-818] Not transferring value dependency attribute "spirit:decode(id('MODELPARAM_VALUE.REQ_DATA_WIDTH'))" into user parameter "RSP_DATA_WIDTH".
ipx::edit_ip_in_project -upgrade true -name edit_ip_project -directory E:/project/vivado/ku115/ip/managed_ip_project/managed_ip_project.tmp e:/project/vivado/ku115/ip/ip_repo/data_path/component.xml
INFO: [IP_Flow 19-234] Refreshing IP repositories
INFO: [IP_Flow 19-1704] No user IP repositories specified
INFO: [IP_Flow 19-2313] Loaded Vivado IP repository 'D:/Xilinx/Vivado/2016.3/data/ip'.
INFO: [IP_Flow 19-234] Refreshing IP repositories
INFO: [IP_Flow 19-1700] Loaded user IP repository 'e:/project/vivado/ku115/ip/ip_repo/ds_top/src'.
WARNING: [IP_Flow 19-2248] Failed to load user IP repository 'c:/Users/diabolum/Desktop/dotscore'; Can't find the specified path.
If this directory should no longer be in your list of user repositories, go to the IP Settings dialog and remove it.
INFO: [IP_Flow 19-795] Syncing license key meta-data
INFO: [IP_Flow 19-793] Syncing display name meta-data
INFO: [IP_Flow 19-798] Syncing taxonomy meta-data
ipx::current_core e:/project/vivado/ku115/ip/ip_repo/data_path/component.xml
ipx::add_bus_interface spec_axis [ipx::current_core]
set_property abstraction_type_vlnv xilinx.com:interface:axis_rtl:1.0 [ipx::get_bus_interfaces spec_axis -of_objects [ipx::current_core]]
set_property bus_type_vlnv xilinx.com:interface:axis:1.0 [ipx::get_bus_interfaces spec_axis -of_objects [ipx::current_core]]
set_property interface_mode master [ipx::get_bus_interfaces spec_axis -of_objects [ipx::current_core]]
ipx::add_port_map TDATA [ipx::get_bus_interfaces spec_axis -of_objects [ipx::current_core]]
set_property physical_name axis_spec_data [ipx::get_port_maps TDATA -of_objects [ipx::get_bus_interfaces spec_axis -of_objects [ipx::current_core]]]
ipx::add_port_map TVALID [ipx::get_bus_interfaces spec_axis -of_objects [ipx::current_core]]
set_property physical_name axis_spec_valid [ipx::get_port_maps TVALID -of_objects [ipx::get_bus_interfaces spec_axis -of_objects [ipx::current_core]]]
ipx::add_port_map TLAST [ipx::get_bus_interfaces spec_axis -of_objects [ipx::current_core]]
set_property physical_name axis_spec_last [ipx::get_port_maps TLAST -of_objects [ipx::get_bus_interfaces spec_axis -of_objects [ipx::current_core]]]
ipx::add_port_map TKEEP [ipx::get_bus_interfaces spec_axis -of_objects [ipx::current_core]]
set_property physical_name axis_spec_keep [ipx::get_port_maps TKEEP -of_objects [ipx::get_bus_interfaces spec_axis -of_objects [ipx::current_core]]]
ipx::add_port_map TREADY [ipx::get_bus_interfaces spec_axis -of_objects [ipx::current_core]]
set_property physical_name axis_spec_ready [ipx::get_port_maps TREADY -of_objects [ipx::get_bus_interfaces spec_axis -of_objects [ipx::current_core]]]
ipx::add_bus_interface pep_axis [ipx::current_core]
set_property abstraction_type_vlnv xilinx.com:interface:axis_rtl:1.0 [ipx::get_bus_interfaces pep_axis -of_objects [ipx::current_core]]
set_property bus_type_vlnv xilinx.com:interface:axis:1.0 [ipx::get_bus_interfaces pep_axis -of_objects [ipx::current_core]]
set_property interface_mode master [ipx::get_bus_interfaces pep_axis -of_objects [ipx::current_core]]
ipx::add_port_map TUSER [ipx::get_bus_interfaces pep_axis -of_objects [ipx::current_core]]
set_property physical_name axis_pep_user [ipx::get_port_maps TUSER -of_objects [ipx::get_bus_interfaces pep_axis -of_objects [ipx::current_core]]]
ipx::add_port_map TDATA [ipx::get_bus_interfaces pep_axis -of_objects [ipx::current_core]]
set_property physical_name axis_pep_data [ipx::get_port_maps TDATA -of_objects [ipx::get_bus_interfaces pep_axis -of_objects [ipx::current_core]]]
ipx::add_port_map TVALID [ipx::get_bus_interfaces pep_axis -of_objects [ipx::current_core]]
set_property physical_name axis_pep_valid [ipx::get_port_maps TVALID -of_objects [ipx::get_bus_interfaces pep_axis -of_objects [ipx::current_core]]]
ipx::add_port_map TLAST [ipx::get_bus_interfaces pep_axis -of_objects [ipx::current_core]]
set_property physical_name axis_pep_last [ipx::get_port_maps TLAST -of_objects [ipx::get_bus_interfaces pep_axis -of_objects [ipx::current_core]]]
ipx::add_port_map TKEEP [ipx::get_bus_interfaces pep_axis -of_objects [ipx::current_core]]
set_property physical_name axis_pep_keep [ipx::get_port_maps TKEEP -of_objects [ipx::get_bus_interfaces pep_axis -of_objects [ipx::current_core]]]
ipx::add_port_map TREADY [ipx::get_bus_interfaces pep_axis -of_objects [ipx::current_core]]
set_property physical_name axis_pep_ready [ipx::get_port_maps TREADY -of_objects [ipx::get_bus_interfaces pep_axis -of_objects [ipx::current_core]]]
add_files -norecurse -copy_to E:/project/vivado/ku115/ip/ip_repo/data_path/src {C:/Users/diabolum/Desktop/bio/ip/fifo_async_fwft_208.xcix C:/Users/diabolum/Desktop/bio/ip/fifo_axis_async_256_user_88.xcix}
report_ip_status -name ip_status 
report_ip_status -name ip_status 
upgrade_ip [get_ips  {fifo_async_fwft_208 fifo_axis_async_256_user_88}] -log ip_upgrade.log
Upgrading 'fifo_async_fwft_208'
INFO: [IP_Flow 19-3420] Updated fifo_async_fwft_208 to use current project options
INFO: [IP_Flow 19-1686] Generating 'Instantiation Template' target for IP 'fifo_async_fwft_208'...
Upgrading 'fifo_axis_async_256_user_88'
INFO: [IP_Flow 19-3420] Updated fifo_axis_async_256_user_88 to use current project options
INFO: [IP_Flow 19-1686] Generating 'Instantiation Template' target for IP 'fifo_axis_async_256_user_88'...
INFO: [Coretcl 2-1525] Wrote upgrade log to 'e:/project/vivado/ku115/ip/managed_ip_project/managed_ip_project.tmp/ip_upgrade.log'.
export_ip_user_files -of_objects [get_ips {fifo_async_fwft_208 fifo_axis_async_256_user_88}] -no_script -sync -force -quiet
ipx::merge_project_changes files [ipx::current_core]
CRITICAL WARNING: [IP_Flow 19-4964] fifo_async_fwft_208 has core container option enabled. This is not supported for packaging. Please disable this option.
CRITICAL WARNING: [IP_Flow 19-4964] fifo_axis_async_256_user_88 has core container option enabled. This is not supported for packaging. Please disable this option.
ipx::add_bus_parameter ASSOCIATED_BUSIF [ipx::get_bus_interfaces dma_clk -of_objects [ipx::current_core]]
set_property value axis_dma [ipx::get_bus_parameters ASSOCIATED_BUSIF -of_objects [ipx::get_bus_interfaces dma_clk -of_objects [ipx::current_core]]]
ipx::add_bus_parameter ASSOCIATED_BUSIF [ipx::get_bus_interfaces usr_clk -of_objects [ipx::current_core]]
set_property value spec_axis:pep_axis [ipx::get_bus_parameters ASSOCIATED_BUSIF -of_objects [ipx::get_bus_interfaces usr_clk -of_objects [ipx::current_core]]]
ipx::add_bus_interface pr_ddr_axis [ipx::current_core]
set_property abstraction_type_vlnv xilinx.com:interface:axis_rtl:1.0 [ipx::get_bus_interfaces pr_ddr_axis -of_objects [ipx::current_core]]
set_property bus_type_vlnv xilinx.com:interface:axis:1.0 [ipx::get_bus_interfaces pr_ddr_axis -of_objects [ipx::current_core]]
ipx::add_port_map TVALID [ipx::get_bus_interfaces pr_ddr_axis -of_objects [ipx::current_core]]
set_property physical_name s_axis_valid_pr [ipx::get_port_maps TVALID -of_objects [ipx::get_bus_interfaces pr_ddr_axis -of_objects [ipx::current_core]]]
ipx::add_port_map TDATA [ipx::get_bus_interfaces pr_ddr_axis -of_objects [ipx::current_core]]
set_property physical_name s_axis_data_pr [ipx::get_port_maps TDATA -of_objects [ipx::get_bus_interfaces pr_ddr_axis -of_objects [ipx::current_core]]]
ipx::add_port_map TLAST [ipx::get_bus_interfaces pr_ddr_axis -of_objects [ipx::current_core]]
set_property physical_name s_axis_last_pr [ipx::get_port_maps TLAST -of_objects [ipx::get_bus_interfaces pr_ddr_axis -of_objects [ipx::current_core]]]
ipx::add_port_map TKEEP [ipx::get_bus_interfaces pr_ddr_axis -of_objects [ipx::current_core]]
set_property physical_name s_axis_keep_pr [ipx::get_port_maps TKEEP -of_objects [ipx::get_bus_interfaces pr_ddr_axis -of_objects [ipx::current_core]]]
ipx::add_port_map TREADY [ipx::get_bus_interfaces pr_ddr_axis -of_objects [ipx::current_core]]
set_property physical_name s_axis_ready_pr [ipx::get_port_maps TREADY -of_objects [ipx::get_bus_interfaces pr_ddr_axis -of_objects [ipx::current_core]]]
ipx::add_bus_parameter ASSOCIATED_BUSIF [ipx::get_bus_interfaces ddr_clk -of_objects [ipx::current_core]]
set_property value pr_ddr_axis [ipx::get_bus_parameters ASSOCIATED_BUSIF -of_objects [ipx::get_bus_interfaces ddr_clk -of_objects [ipx::current_core]]]
convert_ips [get_files  E:/project/vivado/ku115/ip/ip_repo/data_path/src/fifo_async_fwft_208/fifo_async_fwft_208/fifo_async_fwft_208.xci]
INFO: [filemgmt 56-105] Converting IP 'fifo_async_fwft_208' into non-core container format.
export_ip_user_files -of_objects  [get_files  E:/project/vivado/ku115/ip/ip_repo/data_path/src/fifo_async_fwft_208/fifo_async_fwft_208/fifo_async_fwft_208.xci] -sync -lib_map_path [list {modelsim=e:/project/vivado/ku115/ip/managed_ip_project/managed_ip_project.tmp/edit_ip_project.cache/compile_simlib/modelsim} {questa=e:/project/vivado/ku115/ip/managed_ip_project/managed_ip_project.tmp/edit_ip_project.cache/compile_simlib/questa} {riviera=e:/project/vivado/ku115/ip/managed_ip_project/managed_ip_project.tmp/edit_ip_project.cache/compile_simlib/riviera} {activehdl=e:/project/vivado/ku115/ip/managed_ip_project/managed_ip_project.tmp/edit_ip_project.cache/compile_simlib/activehdl}] -force -quiet
set_property coreContainer.enable 1 [current_project]
convert_ips [get_files  E:/project/vivado/ku115/ip/ip_repo/data_path/src/fifo_axis_async_256_user_88/fifo_axis_async_256_user_88/fifo_axis_async_256_user_88.xci]
INFO: [filemgmt 56-105] Converting IP 'fifo_axis_async_256_user_88' into non-core container format.
export_ip_user_files -of_objects  [get_files  E:/project/vivado/ku115/ip/ip_repo/data_path/src/fifo_axis_async_256_user_88/fifo_axis_async_256_user_88/fifo_axis_async_256_user_88.xci] -sync -lib_map_path [list {modelsim=e:/project/vivado/ku115/ip/managed_ip_project/managed_ip_project.tmp/edit_ip_project.cache/compile_simlib/modelsim} {questa=e:/project/vivado/ku115/ip/managed_ip_project/managed_ip_project.tmp/edit_ip_project.cache/compile_simlib/questa} {riviera=e:/project/vivado/ku115/ip/managed_ip_project/managed_ip_project.tmp/edit_ip_project.cache/compile_simlib/riviera} {activehdl=e:/project/vivado/ku115/ip/managed_ip_project/managed_ip_project.tmp/edit_ip_project.cache/compile_simlib/activehdl}] -force -quiet
ipx::merge_project_changes files [ipx::current_core]
INFO: [filemgmt 56-101] Creating core container 'e:/project/vivado/ku115/ip/ip_repo/data_path/data_path_0_1.xcix' for IP 'data_path_0'
set_property core_revision 2 [ipx::current_core]
ipx::create_xgui_files [ipx::current_core]
ipx::update_checksums [ipx::current_core]
ipx::save_core [ipx::current_core]
INFO: [filemgmt 56-101] Creating core container 'e:/project/vivado/ku115/ip/ip_repo/data_path/data_path_0_1.xcix' for IP 'data_path_0'
set_property vendor fudan [ipx::current_core]
set_property library bio [ipx::current_core]
set_property previous_version_for_upgrade xilinx.com:user:data_path:1.0 [ipx::current_core]
set_property core_revision 1 [ipx::current_core]
ipx::create_xgui_files [ipx::current_core]
ipx::update_checksums [ipx::current_core]
ipx::save_core [ipx::current_core]
INFO: [filemgmt 56-101] Creating core container 'e:/project/vivado/ku115/ip/ip_repo/data_path/data_path_0_1.xcix' for IP 'data_path_0'
close_project -delete
****** Webtalk v2016.3 (64-bit)
  **** SW Build 1682563 on Mon Oct 10 19:07:27 MDT 2016
  **** IP Build 1681267 on Mon Oct 10 21:28:31 MDT 2016
    ** Copyright 1986-2016 Xilinx, Inc. All Rights Reserved.

source e:/project/vivado/ku115/ip/managed_ip_project/managed_ip_project.tmp/edit_ip_project.hw/webtalk/labtool_webtalk.tcl -notrace
INFO: [Common 17-206] Exiting Webtalk at Sun Mar 11 16:04:29 2018...
set_property  ip_repo_paths  {e:/project/vivado/ku115/ip/ip_repo/data_path e:/project/vivado/ku115/ip/ip_repo/ds_top/src c:/Users/diabolum/Desktop/dotscore} [current_project]
update_ip_catalog
INFO: [IP_Flow 19-234] Refreshing IP repositories
INFO: [IP_Flow 19-1700] Loaded user IP repository 'e:/project/vivado/ku115/ip/ip_repo/data_path'.
INFO: [IP_Flow 19-1700] Loaded user IP repository 'e:/project/vivado/ku115/ip/ip_repo/ds_top/src'.
WARNING: [IP_Flow 19-2248] Failed to load user IP repository 'c:/Users/diabolum/Desktop/dotscore'; Can't find the specified path.
If this directory should no longer be in your list of user repositories, go to the IP Settings dialog and remove it.
set_property  ip_repo_paths  {e:/project/vivado/ku115/ip/ip_repo/data_path e:/project/vivado/ku115/ip/ip_repo/ds_top/src} [current_project]
update_ip_catalog
INFO: [IP_Flow 19-234] Refreshing IP repositories
INFO: [IP_Flow 19-1700] Loaded user IP repository 'e:/project/vivado/ku115/ip/ip_repo/data_path'.
INFO: [IP_Flow 19-1700] Loaded user IP repository 'e:/project/vivado/ku115/ip/ip_repo/ds_top/src'.
update_ip_catalog -rebuild
INFO: [IP_Flow 19-234] Refreshing IP repositories
INFO: [IP_Flow 19-1700] Loaded user IP repository 'e:/project/vivado/ku115/ip/ip_repo/data_path'.
INFO: [IP_Flow 19-1700] Loaded user IP repository 'e:/project/vivado/ku115/ip/ip_repo/ds_top/src'.
set_property  ip_repo_paths  e:/project/vivado/ku115/ip/ip_repo/data_path [current_project]
update_ip_catalog
INFO: [IP_Flow 19-234] Refreshing IP repositories
INFO: [IP_Flow 19-1700] Loaded user IP repository 'e:/project/vivado/ku115/ip/ip_repo/data_path'.
update_ip_catalog -add_ip E:/project/vivado/ku115/ip/ip_repo/ds_top/component.xml -repo_path e:/project/vivado/ku115/ip/ip_repo/data_path
WARNING: [IP_Flow 19-873] During add IP, the file e:/project/vivado/ku115/ip/ip_repo/ds_top/ds_convert.v does not exist and was not copied.
WARNING: [IP_Flow 19-873] During add IP, the file e:/project/vivado/ku115/ip/ip_repo/ds_top/ds_define.vh does not exist and was not copied.
WARNING: [IP_Flow 19-873] During add IP, the file e:/project/vivado/ku115/ip/ip_repo/ds_top/ds_para_add_16.v does not exist and was not copied.
WARNING: [IP_Flow 19-873] During add IP, the file e:/project/vivado/ku115/ip/ip_repo/ds_top/ds_bwd_frag.v does not exist and was not copied.
WARNING: [IP_Flow 19-873] During add IP, the file e:/project/vivado/ku115/ip/ip_repo/ds_top/ds_convert_64.v does not exist and was not copied.
WARNING: [IP_Flow 19-873] During add IP, the file e:/project/vivado/ku115/ip/ip_repo/ds_top/ds_frag_compare.v does not exist and was not copied.
WARNING: [IP_Flow 19-873] During add IP, the file e:/project/vivado/ku115/ip/ip_repo/ds_top/ds_fwd_frag.v does not exist and was not copied.
WARNING: [IP_Flow 19-873] During add IP, the file e:/project/vivado/ku115/ip/ip_repo/ds_top/ds_register_syn.v does not exist and was not copied.
WARNING: [IP_Flow 19-873] During add IP, the file e:/project/vivado/ku115/ip/ip_repo/ds_top/ds_y_seg_compare.v does not exist and was not copied.
WARNING: [IP_Flow 19-873] During add IP, the file e:/project/vivado/ku115/ip/ip_repo/ds_top/ds_z_frag_compare.v does not exist and was not copied.
WARNING: [IP_Flow 19-873] During add IP, the file e:/project/vivado/ku115/ip/ip_repo/ds_top/ds_a_type_core.v does not exist and was not copied.
WARNING: [IP_Flow 19-873] During add IP, the file e:/project/vivado/ku115/ip/ip_repo/ds_top/ds_b_type_core.v does not exist and was not copied.
WARNING: [IP_Flow 19-873] During add IP, the file e:/project/vivado/ku115/ip/ip_repo/ds_top/ds_c_type_core.v does not exist and was not copied.
WARNING: [IP_Flow 19-873] During add IP, the file e:/project/vivado/ku115/ip/ip_repo/ds_top/ds_pep_store.v does not exist and was not copied.
WARNING: [IP_Flow 19-873] During add IP, the file e:/project/vivado/ku115/ip/ip_repo/ds_top/ds_registers.v does not exist and was not copied.
WARNING: [IP_Flow 19-873] During add IP, the file e:/project/vivado/ku115/ip/ip_repo/ds_top/ds_res_package.v does not exist and was not copied.
WARNING: [IP_Flow 19-873] During add IP, the file e:/project/vivado/ku115/ip/ip_repo/ds_top/ds_spec_store.v does not exist and was not copied.
WARNING: [IP_Flow 19-873] During add IP, the file e:/project/vivado/ku115/ip/ip_repo/ds_top/ds_x_type_core.v does not exist and was not copied.
WARNING: [IP_Flow 19-873] During add IP, the file e:/project/vivado/ku115/ip/ip_repo/ds_top/ds_y_type_core.v does not exist and was not copied.
WARNING: [IP_Flow 19-873] During add IP, the file e:/project/vivado/ku115/ip/ip_repo/ds_top/ds_z_type_core.v does not exist and was not copied.
WARNING: [IP_Flow 19-873] During add IP, the file e:/project/vivado/ku115/ip/ip_repo/ds_top/ds_top.v does not exist and was not copied.
INFO: [IP_Flow 19-1655] Copied IP 'fudan:bio:ds_top:1.0' into repository 'e:/project/vivado/ku115/ip/ip_repo/data_path' at e:/project/vivado/ku115/ip/ip_repo/data_path/ds_top.
INFO: [IP_Flow 19-725] Reloaded user IP repository 'e:/project/vivado/ku115/ip/ip_repo/data_path'
ipx::edit_ip_in_project -upgrade true -name ds_top_v1_0_v1_0_project -directory E:/project/vivado/ku115/ip/managed_ip_project/managed_ip_project.tmp/ds_top_v1_0_v1_0_project e:/project/vivado/ku115/ip/ip_repo/data_path/ds_top/component.xml
INFO: [ProjectBase 1-489] The host OS only allows 260 characters in a normal path. The project is stored in a path with more than 80 characters. If you experience issues with IP, Block Designs, or files not being found, please consider moving the project to a location with a shorter path. Alternately consider using the OS subst command to map part of the path to a drive letter.
Current project path is 'e:/project/vivado/ku115/ip/managed_ip_project/managed_ip_project.tmp/ds_top_v1_0_v1_0_project'
INFO: [IP_Flow 19-234] Refreshing IP repositories
INFO: [IP_Flow 19-1704] No user IP repositories specified
INFO: [IP_Flow 19-2313] Loaded Vivado IP repository 'D:/Xilinx/Vivado/2016.3/data/ip'.
INFO: [IP_Flow 19-234] Refreshing IP repositories
INFO: [IP_Flow 19-1700] Loaded user IP repository 'e:/project/vivado/ku115/ip/ip_repo/data_path'.
INFO: [IP_Flow 19-795] Syncing license key meta-data
INFO: [IP_Flow 19-793] Syncing display name meta-data
INFO: [IP_Flow 19-798] Syncing taxonomy meta-data
INFO: [IP_Flow 19-799] Syncing upgrade version meta-data
CRITICAL WARNING: [IP_Flow 19-3667] Component file 'ds_convert.v' does not exist. The file is ignored.
CRITICAL WARNING: [IP_Flow 19-3667] Component file 'ds_define.vh' does not exist. The file is ignored.
CRITICAL WARNING: [IP_Flow 19-3667] Component file 'ds_para_add_16.v' does not exist. The file is ignored.
CRITICAL WARNING: [IP_Flow 19-3667] Component file 'ds_bwd_frag.v' does not exist. The file is ignored.
CRITICAL WARNING: [IP_Flow 19-3667] Component file 'ds_convert_64.v' does not exist. The file is ignored.
CRITICAL WARNING: [IP_Flow 19-3667] Component file 'ds_frag_compare.v' does not exist. The file is ignored.
CRITICAL WARNING: [IP_Flow 19-3667] Component file 'ds_fwd_frag.v' does not exist. The file is ignored.
CRITICAL WARNING: [IP_Flow 19-3667] Component file 'ds_register_syn.v' does not exist. The file is ignored.
CRITICAL WARNING: [IP_Flow 19-3667] Component file 'ds_y_seg_compare.v' does not exist. The file is ignored.
CRITICAL WARNING: [IP_Flow 19-3667] Component file 'ds_z_frag_compare.v' does not exist. The file is ignored.
CRITICAL WARNING: [IP_Flow 19-3667] Component file 'ds_a_type_core.v' does not exist. The file is ignored.
CRITICAL WARNING: [IP_Flow 19-3667] Component file 'ds_b_type_core.v' does not exist. The file is ignored.
CRITICAL WARNING: [IP_Flow 19-3667] Component file 'ds_c_type_core.v' does not exist. The file is ignored.
CRITICAL WARNING: [IP_Flow 19-3667] Component file 'ds_pep_store.v' does not exist. The file is ignored.
CRITICAL WARNING: [IP_Flow 19-3667] Component file 'ds_registers.v' does not exist. The file is ignored.
CRITICAL WARNING: [IP_Flow 19-3667] Component file 'ds_res_package.v' does not exist. The file is ignored.
CRITICAL WARNING: [IP_Flow 19-3667] Component file 'ds_spec_store.v' does not exist. The file is ignored.
CRITICAL WARNING: [IP_Flow 19-3667] Component file 'ds_x_type_core.v' does not exist. The file is ignored.
CRITICAL WARNING: [IP_Flow 19-3667] Component file 'ds_y_type_core.v' does not exist. The file is ignored.
CRITICAL WARNING: [IP_Flow 19-3667] Component file 'ds_z_type_core.v' does not exist. The file is ignored.
CRITICAL WARNING: [IP_Flow 19-3667] Component file 'ds_top.v' does not exist. The file is ignored.
CRITICAL WARNING: [IP_Flow 19-3667] Component file 'ds_convert.v' does not exist. The file is ignored.
CRITICAL WARNING: [IP_Flow 19-3667] Component file 'ds_define.vh' does not exist. The file is ignored.
CRITICAL WARNING: [IP_Flow 19-3667] Component file 'ds_para_add_16.v' does not exist. The file is ignored.
CRITICAL WARNING: [IP_Flow 19-3667] Component file 'ds_bwd_frag.v' does not exist. The file is ignored.
CRITICAL WARNING: [IP_Flow 19-3667] Component file 'ds_convert_64.v' does not exist. The file is ignored.
CRITICAL WARNING: [IP_Flow 19-3667] Component file 'ds_frag_compare.v' does not exist. The file is ignored.
CRITICAL WARNING: [IP_Flow 19-3667] Component file 'ds_fwd_frag.v' does not exist. The file is ignored.
CRITICAL WARNING: [IP_Flow 19-3667] Component file 'ds_register_syn.v' does not exist. The file is ignored.
CRITICAL WARNING: [IP_Flow 19-3667] Component file 'ds_y_seg_compare.v' does not exist. The file is ignored.
CRITICAL WARNING: [IP_Flow 19-3667] Component file 'ds_z_frag_compare.v' does not exist. The file is ignored.
CRITICAL WARNING: [IP_Flow 19-3667] Component file 'ds_a_type_core.v' does not exist. The file is ignored.
CRITICAL WARNING: [IP_Flow 19-3667] Component file 'ds_b_type_core.v' does not exist. The file is ignored.
CRITICAL WARNING: [IP_Flow 19-3667] Component file 'ds_c_type_core.v' does not exist. The file is ignored.
CRITICAL WARNING: [IP_Flow 19-3667] Component file 'ds_pep_store.v' does not exist. The file is ignored.
CRITICAL WARNING: [IP_Flow 19-3667] Component file 'ds_registers.v' does not exist. The file is ignored.
CRITICAL WARNING: [IP_Flow 19-3667] Component file 'ds_res_package.v' does not exist. The file is ignored.
CRITICAL WARNING: [IP_Flow 19-3667] Component file 'ds_spec_store.v' does not exist. The file is ignored.
CRITICAL WARNING: [IP_Flow 19-3667] Component file 'ds_x_type_core.v' does not exist. The file is ignored.
CRITICAL WARNING: [IP_Flow 19-3667] Component file 'ds_y_type_core.v' does not exist. The file is ignored.
CRITICAL WARNING: [IP_Flow 19-3667] Component file 'ds_z_type_core.v' does not exist. The file is ignored.
CRITICAL WARNING: [IP_Flow 19-3667] Component file 'ds_top.v' does not exist. The file is ignored.
set_property source_mgmt_mode DisplayOnly [current_project]
add_files -norecurse -scan_for_includes -copy_to E:/project/vivado/ku115/ip/ip_repo/data_path/ds_top/src E:/project/vivado/ku115/ip/ip_repo/ds_top/src/ds_define.vh
add_files -norecurse -scan_for_includes -copy_to E:/project/vivado/ku115/ip/ip_repo/data_path/ds_top/src {E:/project/vivado/ku115/ip/ip_repo/ds_top/src/ds_b_type_core.v E:/project/vivado/ku115/ip/ip_repo/ds_top/src/ds_frag_compare.v E:/project/vivado/ku115/ip/ip_repo/ds_top/src/ds_registers.v E:/project/vivado/ku115/ip/ip_repo/ds_top/src/ds_c_type_core.v E:/project/vivado/ku115/ip/ip_repo/ds_top/src/ds_convert.v E:/project/vivado/ku115/ip/ip_repo/ds_top/src/ds_y_seg_compare.v E:/project/vivado/ku115/ip/ip_repo/ds_top/src/ds_bwd_frag.v E:/project/vivado/ku115/ip/ip_repo/ds_top/src/ds_top.v E:/project/vivado/ku115/ip/ip_repo/ds_top/src/ds_fwd_frag.v E:/project/vivado/ku115/ip/ip_repo/ds_top/src/ds_convert_64.v E:/project/vivado/ku115/ip/ip_repo/ds_top/src/ds_res_package.v E:/project/vivado/ku115/ip/ip_repo/ds_top/src/ds_x_type_core.v E:/project/vivado/ku115/ip/ip_repo/ds_top/src/ds_z_type_core.v E:/project/vivado/ku115/ip/ip_repo/ds_top/src/ds_y_type_core.v E:/project/vivado/ku115/ip/ip_repo/ds_top/src/ds_spec_store.v E:/project/vivado/ku115/ip/ip_repo/ds_top/src/tb_defines.v E:/project/vivado/ku115/ip/ip_repo/ds_top/src/ds_z_frag_compare.v E:/project/vivado/ku115/ip/ip_repo/ds_top/src/ds_para_add_16.v E:/project/vivado/ku115/ip/ip_repo/ds_top/src/ds_register_syn.v E:/project/vivado/ku115/ip/ip_repo/ds_top/src/ds_a_type_core.v E:/project/vivado/ku115/ip/ip_repo/ds_top/src/ds_pep_store.v}
ipx::merge_project_changes files [ipx::current_core]
ipx::merge_project_changes hdl_parameters [ipx::current_core]
INFO: [IP_Flow 19-1842] HDL Parser: Found include file "src/ds_define.vh" from the top-level HDL file.
set_property core_revision 2 [ipx::current_core]
ipx::create_xgui_files [ipx::current_core]
ipx::update_checksums [ipx::current_core]
ipx::save_core [ipx::current_core]
close_project -delete
****** Webtalk v2016.3 (64-bit)
  **** SW Build 1682563 on Mon Oct 10 19:07:27 MDT 2016
  **** IP Build 1681267 on Mon Oct 10 21:28:31 MDT 2016
    ** Copyright 1986-2016 Xilinx, Inc. All Rights Reserved.

source e:/project/vivado/ku115/ip/managed_ip_project/managed_ip_project.tmp/ds_top_v1_0_v1_0_project/ds_top_v1_0_v1_0_project.hw/webtalk/labtool_webtalk.tcl -notrace
INFO: [Common 17-206] Exiting Webtalk at Sun Mar 11 16:06:49 2018...
update_ip_catalog -rebuild -repo_path e:/project/vivado/ku115/ip/ip_repo/data_path
INFO: [IP_Flow 19-725] Reloaded user IP repository 'e:/project/vivado/ku115/ip/ip_repo/data_path'
ipx::edit_ip_in_project -upgrade true -name data_path_v1_0_v1_0_project -directory E:/project/vivado/ku115/ip/managed_ip_project/managed_ip_project.tmp/data_path_v1_0_v1_0_project e:/project/vivado/ku115/ip/ip_repo/data_path/component.xml
INFO: [ProjectBase 1-489] The host OS only allows 260 characters in a normal path. The project is stored in a path with more than 80 characters. If you experience issues with IP, Block Designs, or files not being found, please consider moving the project to a location with a shorter path. Alternately consider using the OS subst command to map part of the path to a drive letter.
Current project path is 'e:/project/vivado/ku115/ip/managed_ip_project/managed_ip_project.tmp/data_path_v1_0_v1_0_project'
INFO: [IP_Flow 19-234] Refreshing IP repositories
INFO: [IP_Flow 19-1704] No user IP repositories specified
INFO: [IP_Flow 19-2313] Loaded Vivado IP repository 'D:/Xilinx/Vivado/2016.3/data/ip'.
INFO: [IP_Flow 19-234] Refreshing IP repositories
INFO: [IP_Flow 19-1700] Loaded user IP repository 'e:/project/vivado/ku115/ip/ip_repo/data_path'.
INFO: [IP_Flow 19-795] Syncing license key meta-data
INFO: [IP_Flow 19-793] Syncing display name meta-data
INFO: [IP_Flow 19-798] Syncing taxonomy meta-data
INFO: [IP_Flow 19-799] Syncing upgrade version meta-data
close_project
****** Webtalk v2016.3 (64-bit)
  **** SW Build 1682563 on Mon Oct 10 19:07:27 MDT 2016
  **** IP Build 1681267 on Mon Oct 10 21:28:31 MDT 2016
    ** Copyright 1986-2016 Xilinx, Inc. All Rights Reserved.

source e:/project/vivado/ku115/ip/managed_ip_project/managed_ip_project.tmp/data_path_v1_0_v1_0_project/data_path_v1_0_v1_0_project.hw/webtalk/labtool_webtalk.tcl -notrace
INFO: [Common 17-206] Exiting Webtalk at Sun Mar 11 16:07:05 2018...
ipx::edit_ip_in_project -upgrade true -name ds_top_v1_0_v1_0_project -directory E:/project/vivado/ku115/ip/managed_ip_project/managed_ip_project.tmp/ds_top_v1_0_v1_0_project e:/project/vivado/ku115/ip/ip_repo/data_path/ds_top/component.xml
INFO: [ProjectBase 1-489] The host OS only allows 260 characters in a normal path. The project is stored in a path with more than 80 characters. If you experience issues with IP, Block Designs, or files not being found, please consider moving the project to a location with a shorter path. Alternately consider using the OS subst command to map part of the path to a drive letter.
Current project path is 'e:/project/vivado/ku115/ip/managed_ip_project/managed_ip_project.tmp/ds_top_v1_0_v1_0_project'
INFO: [IP_Flow 19-234] Refreshing IP repositories
INFO: [IP_Flow 19-1704] No user IP repositories specified
INFO: [IP_Flow 19-2313] Loaded Vivado IP repository 'D:/Xilinx/Vivado/2016.3/data/ip'.
INFO: [IP_Flow 19-234] Refreshing IP repositories
INFO: [IP_Flow 19-1700] Loaded user IP repository 'e:/project/vivado/ku115/ip/ip_repo/data_path'.
INFO: [IP_Flow 19-795] Syncing license key meta-data
INFO: [IP_Flow 19-793] Syncing display name meta-data
INFO: [IP_Flow 19-798] Syncing taxonomy meta-data
INFO: [IP_Flow 19-799] Syncing upgrade version meta-data
close_project
****** Webtalk v2016.3 (64-bit)
  **** SW Build 1682563 on Mon Oct 10 19:07:27 MDT 2016
  **** IP Build 1681267 on Mon Oct 10 21:28:31 MDT 2016
    ** Copyright 1986-2016 Xilinx, Inc. All Rights Reserved.

source e:/project/vivado/ku115/ip/managed_ip_project/managed_ip_project.tmp/ds_top_v1_0_v1_0_project/ds_top_v1_0_v1_0_project.hw/webtalk/labtool_webtalk.tcl -notrace
INFO: [Common 17-206] Exiting Webtalk at Sun Mar 11 16:07:27 2018...
ipx::edit_ip_in_project -upgrade true -name data_path_v1_0_v1_0_project -directory E:/project/vivado/ku115/ip/managed_ip_project/managed_ip_project.tmp/data_path_v1_0_v1_0_project e:/project/vivado/ku115/ip/ip_repo/data_path/component.xml
INFO: [ProjectBase 1-489] The host OS only allows 260 characters in a normal path. The project is stored in a path with more than 80 characters. If you experience issues with IP, Block Designs, or files not being found, please consider moving the project to a location with a shorter path. Alternately consider using the OS subst command to map part of the path to a drive letter.
Current project path is 'e:/project/vivado/ku115/ip/managed_ip_project/managed_ip_project.tmp/data_path_v1_0_v1_0_project'
INFO: [IP_Flow 19-234] Refreshing IP repositories
INFO: [IP_Flow 19-1704] No user IP repositories specified
INFO: [IP_Flow 19-2313] Loaded Vivado IP repository 'D:/Xilinx/Vivado/2016.3/data/ip'.
INFO: [IP_Flow 19-234] Refreshing IP repositories
INFO: [IP_Flow 19-1700] Loaded user IP repository 'e:/project/vivado/ku115/ip/ip_repo/data_path'.
INFO: [IP_Flow 19-795] Syncing license key meta-data
INFO: [IP_Flow 19-793] Syncing display name meta-data
INFO: [IP_Flow 19-798] Syncing taxonomy meta-data
INFO: [IP_Flow 19-799] Syncing upgrade version meta-data
add_files -norecurse -copy_to E:/project/vivado/ku115/ip/ip_repo/data_path/src {C:/Users/diabolum/Desktop/bio/ip/bram_320_160_8192.xcix C:/Users/diabolum/Desktop/bio/ip/fifo_axis_async_256_user_208.xcix C:/Users/diabolum/Desktop/bio/ip/fifo_async_fwft_512.xci}
WARNING: [IP_Flow 19-2162] IP 'fifo_async_fwft_512' is locked:
* Current project part 'xcku115-flva1517-2-e' and the part 'xc7vx690tffg1761-2' used to customize the IP 'fifo_async_fwft_512' do not match.
Please select 'Report IP Status' from the 'Tools/Report' menu or run Tcl command 'report_ip_status' for more information.
remove_files  E:/project/vivado/ku115/ip/ip_repo/data_path/src/bram_320_160_8192/bram_320_160_8192/bram_320_160_8192.xci
close_project
****** Webtalk v2016.3 (64-bit)
  **** SW Build 1682563 on Mon Oct 10 19:07:27 MDT 2016
  **** IP Build 1681267 on Mon Oct 10 21:28:31 MDT 2016
    ** Copyright 1986-2016 Xilinx, Inc. All Rights Reserved.

source e:/project/vivado/ku115/ip/managed_ip_project/managed_ip_project.tmp/data_path_v1_0_v1_0_project/data_path_v1_0_v1_0_project.hw/webtalk/labtool_webtalk.tcl -notrace
INFO: [Common 17-206] Exiting Webtalk at Sun Mar 11 16:14:28 2018...
ipx::edit_ip_in_project -upgrade true -name ds_top_v1_0_v1_0_project -directory E:/project/vivado/ku115/ip/managed_ip_project/managed_ip_project.tmp/ds_top_v1_0_v1_0_project e:/project/vivado/ku115/ip/ip_repo/data_path/ds_top/component.xml
INFO: [ProjectBase 1-489] The host OS only allows 260 characters in a normal path. The project is stored in a path with more than 80 characters. If you experience issues with IP, Block Designs, or files not being found, please consider moving the project to a location with a shorter path. Alternately consider using the OS subst command to map part of the path to a drive letter.
Current project path is 'e:/project/vivado/ku115/ip/managed_ip_project/managed_ip_project.tmp/ds_top_v1_0_v1_0_project'
INFO: [IP_Flow 19-234] Refreshing IP repositories
INFO: [IP_Flow 19-1704] No user IP repositories specified
INFO: [IP_Flow 19-2313] Loaded Vivado IP repository 'D:/Xilinx/Vivado/2016.3/data/ip'.
INFO: [IP_Flow 19-234] Refreshing IP repositories
INFO: [IP_Flow 19-1700] Loaded user IP repository 'e:/project/vivado/ku115/ip/ip_repo/data_path'.
INFO: [IP_Flow 19-795] Syncing license key meta-data
INFO: [IP_Flow 19-793] Syncing display name meta-data
INFO: [IP_Flow 19-798] Syncing taxonomy meta-data
INFO: [IP_Flow 19-799] Syncing upgrade version meta-data
current_project managed_ip_project
ipx::edit_ip_in_project -upgrade true -name data_path_v1_0_v1_0_project -directory E:/project/vivado/ku115/ip/managed_ip_project/managed_ip_project.tmp/data_path_v1_0_v1_0_project e:/project/vivado/ku115/ip/ip_repo/data_path/component.xml
INFO: [ProjectBase 1-489] The host OS only allows 260 characters in a normal path. The project is stored in a path with more than 80 characters. If you experience issues with IP, Block Designs, or files not being found, please consider moving the project to a location with a shorter path. Alternately consider using the OS subst command to map part of the path to a drive letter.
Current project path is 'e:/project/vivado/ku115/ip/managed_ip_project/managed_ip_project.tmp/data_path_v1_0_v1_0_project'
INFO: [IP_Flow 19-234] Refreshing IP repositories
INFO: [IP_Flow 19-1704] No user IP repositories specified
INFO: [IP_Flow 19-2313] Loaded Vivado IP repository 'D:/Xilinx/Vivado/2016.3/data/ip'.
INFO: [IP_Flow 19-234] Refreshing IP repositories
INFO: [IP_Flow 19-1700] Loaded user IP repository 'e:/project/vivado/ku115/ip/ip_repo/data_path'.
INFO: [IP_Flow 19-795] Syncing license key meta-data
INFO: [IP_Flow 19-793] Syncing display name meta-data
INFO: [IP_Flow 19-798] Syncing taxonomy meta-data
INFO: [IP_Flow 19-799] Syncing upgrade version meta-data
add_files -norecurse -copy_to E:/project/vivado/ku115/ip/ip_repo/data_path/src {C:/Users/diabolum/Desktop/bio/ip/fifo_axis_async_256_user_208.xcix C:/Users/diabolum/Desktop/bio/ip/fifo_async_fwft_512.xci}
ERROR: [Vivado 12-3629] The destination directory 'E:/project/vivado/ku115/ip/ip_repo/data_path/src/fifo_axis_async_256_user_208' already exists, please use -force if you want to overwrite!
add_files -norecurse -copy_to E:/project/vivado/ku115/ip/ip_repo/data_path/src C:/Users/diabolum/Desktop/bio/ip/fifo_async_fwft_512.xci
ERROR: [Vivado 12-3629] The destination directory 'E:/project/vivado/ku115/ip/ip_repo/data_path/src/fifo_async_fwft_512' already exists, please use -force if you want to overwrite!
add_files -norecurse C:/Users/diabolum/Desktop/bio/ip/fifo_async_fwft_512.xci
WARNING: [IP_Flow 19-2162] IP 'fifo_async_fwft_512' is locked:
* Current project part 'xcku115-flva1517-2-e' and the part 'xc7vx690tffg1761-2' used to customize the IP 'fifo_async_fwft_512' do not match.
Please select 'Report IP Status' from the 'Tools/Report' menu or run Tcl command 'report_ip_status' for more information.
export_ip_user_files -of_objects  [get_files  C:/Users/diabolum/Desktop/bio/ip/fifo_async_fwft_512.xci] -lib_map_path [list {modelsim=e:/project/vivado/ku115/ip/managed_ip_project/managed_ip_project.tmp/data_path_v1_0_v1_0_project/data_path_v1_0_v1_0_project.cache/compile_simlib/modelsim} {questa=e:/project/vivado/ku115/ip/managed_ip_project/managed_ip_project.tmp/data_path_v1_0_v1_0_project/data_path_v1_0_v1_0_project.cache/compile_simlib/questa} {riviera=e:/project/vivado/ku115/ip/managed_ip_project/managed_ip_project.tmp/data_path_v1_0_v1_0_project/data_path_v1_0_v1_0_project.cache/compile_simlib/riviera} {activehdl=e:/project/vivado/ku115/ip/managed_ip_project/managed_ip_project.tmp/data_path_v1_0_v1_0_project/data_path_v1_0_v1_0_project.cache/compile_simlib/activehdl}] -force -quiet
close_project
****** Webtalk v2016.3 (64-bit)
  **** SW Build 1682563 on Mon Oct 10 19:07:27 MDT 2016
  **** IP Build 1681267 on Mon Oct 10 21:28:31 MDT 2016
    ** Copyright 1986-2016 Xilinx, Inc. All Rights Reserved.

source e:/project/vivado/ku115/ip/managed_ip_project/managed_ip_project.tmp/data_path_v1_0_v1_0_project/data_path_v1_0_v1_0_project.hw/webtalk/labtool_webtalk.tcl -notrace
INFO: [Common 17-206] Exiting Webtalk at Sun Mar 11 16:33:48 2018...
close_project
****** Webtalk v2016.3 (64-bit)
  **** SW Build 1682563 on Mon Oct 10 19:07:27 MDT 2016
  **** IP Build 1681267 on Mon Oct 10 21:28:31 MDT 2016
    ** Copyright 1986-2016 Xilinx, Inc. All Rights Reserved.

source e:/project/vivado/ku115/ip/managed_ip_project/managed_ip_project.tmp/ds_top_v1_0_v1_0_project/ds_top_v1_0_v1_0_project.hw/webtalk/labtool_webtalk.tcl -notrace
INFO: [Common 17-206] Exiting Webtalk at Sun Mar 11 16:34:00 2018...
couldn't read file "e:/project/vivado/ku115/ip/ip_repo/data_path/ds_top/xgui/ds_top_v1_0.tcl": no such file or directory
WARNING: [IP_Flow 19-3303] Errors found in sourcing XGUI file 'e:/project/vivado/ku115/ip/ip_repo/data_path/ds_top/xgui/ds_top_v1_0.tcl'. couldn't read file "e:/project/vivado/ku115/ip/ip_repo/data_path/ds_top/xgui/ds_top_v1_0.tcl": no such file or directory
CRITICAL WARNING: [IP_Flow 19-973] Failed to create IP instance 'ds_top_0'. Error during customization.
update_ip_catalog -delete_ip fudan:bio:ds_top:1.0 -repo_path e:/project/vivado/ku115/ip/ip_repo/data_path
WARNING: [IP_Flow 19-881] Failed to delete file 'e:/project/vivado/ku115/ip/ip_repo/data_path/ds_top/src/ds_define.vh' because it doesn't exist.
WARNING: [IP_Flow 19-881] Failed to delete file 'e:/project/vivado/ku115/ip/ip_repo/data_path/ds_top/src/ds_b_type_core.v' because it doesn't exist.
WARNING: [IP_Flow 19-881] Failed to delete file 'e:/project/vivado/ku115/ip/ip_repo/data_path/ds_top/src/ds_frag_compare.v' because it doesn't exist.
WARNING: [IP_Flow 19-881] Failed to delete file 'e:/project/vivado/ku115/ip/ip_repo/data_path/ds_top/src/ds_registers.v' because it doesn't exist.
WARNING: [IP_Flow 19-881] Failed to delete file 'e:/project/vivado/ku115/ip/ip_repo/data_path/ds_top/src/ds_c_type_core.v' because it doesn't exist.
WARNING: [IP_Flow 19-881] Failed to delete file 'e:/project/vivado/ku115/ip/ip_repo/data_path/ds_top/src/ds_convert.v' because it doesn't exist.
WARNING: [IP_Flow 19-881] Failed to delete file 'e:/project/vivado/ku115/ip/ip_repo/data_path/ds_top/src/ds_y_seg_compare.v' because it doesn't exist.
WARNING: [IP_Flow 19-881] Failed to delete file 'e:/project/vivado/ku115/ip/ip_repo/data_path/ds_top/src/ds_bwd_frag.v' because it doesn't exist.
WARNING: [IP_Flow 19-881] Failed to delete file 'e:/project/vivado/ku115/ip/ip_repo/data_path/ds_top/src/ds_top.v' because it doesn't exist.
WARNING: [IP_Flow 19-881] Failed to delete file 'e:/project/vivado/ku115/ip/ip_repo/data_path/ds_top/src/ds_fwd_frag.v' because it doesn't exist.
WARNING: [IP_Flow 19-881] Failed to delete file 'e:/project/vivado/ku115/ip/ip_repo/data_path/ds_top/src/ds_convert_64.v' because it doesn't exist.
WARNING: [IP_Flow 19-881] Failed to delete file 'e:/project/vivado/ku115/ip/ip_repo/data_path/ds_top/src/ds_res_package.v' because it doesn't exist.
WARNING: [IP_Flow 19-881] Failed to delete file 'e:/project/vivado/ku115/ip/ip_repo/data_path/ds_top/src/ds_x_type_core.v' because it doesn't exist.
WARNING: [IP_Flow 19-881] Failed to delete file 'e:/project/vivado/ku115/ip/ip_repo/data_path/ds_top/src/ds_z_type_core.v' because it doesn't exist.
WARNING: [IP_Flow 19-881] Failed to delete file 'e:/project/vivado/ku115/ip/ip_repo/data_path/ds_top/src/ds_y_type_core.v' because it doesn't exist.
WARNING: [IP_Flow 19-881] Failed to delete file 'e:/project/vivado/ku115/ip/ip_repo/data_path/ds_top/src/ds_spec_store.v' because it doesn't exist.
WARNING: [IP_Flow 19-881] Failed to delete file 'e:/project/vivado/ku115/ip/ip_repo/data_path/ds_top/src/tb_defines.v' because it doesn't exist.
WARNING: [IP_Flow 19-881] Failed to delete file 'e:/project/vivado/ku115/ip/ip_repo/data_path/ds_top/src/ds_z_frag_compare.v' because it doesn't exist.
WARNING: [IP_Flow 19-881] Failed to delete file 'e:/project/vivado/ku115/ip/ip_repo/data_path/ds_top/src/ds_para_add_16.v' because it doesn't exist.
WARNING: [IP_Flow 19-881] Failed to delete file 'e:/project/vivado/ku115/ip/ip_repo/data_path/ds_top/src/ds_register_syn.v' because it doesn't exist.
WARNING: [IP_Flow 19-881] Failed to delete file 'e:/project/vivado/ku115/ip/ip_repo/data_path/ds_top/src/ds_a_type_core.v' because it doesn't exist.
WARNING: [IP_Flow 19-881] Failed to delete file 'e:/project/vivado/ku115/ip/ip_repo/data_path/ds_top/src/ds_pep_store.v' because it doesn't exist.
WARNING: [IP_Flow 19-881] Failed to delete file 'e:/project/vivado/ku115/ip/ip_repo/data_path/ds_top/xgui/ds_top_v1_0.tcl' because it doesn't exist.
WARNING: [IP_Flow 19-881] Failed to delete file 'e:/project/vivado/ku115/ip/ip_repo/data_path/ds_top/component.xml' because it doesn't exist.
INFO: [IP_Flow 19-1659] Deleted IP 'fudan:bio:ds_top:1.0' from repository 'e:/project/vivado/ku115/ip/ip_repo/data_path' at e:/project/vivado/ku115/ip/ip_repo/data_path/ds_top.
INFO: [IP_Flow 19-725] Reloaded user IP repository 'e:/project/vivado/ku115/ip/ip_repo/data_path'
update_ip_catalog -delete_ip fudan:bio:data_path:1.0 -repo_path e:/project/vivado/ku115/ip/ip_repo/data_path
INFO: [IP_Flow 19-1659] Deleted IP 'fudan:bio:data_path:1.0' from repository 'e:/project/vivado/ku115/ip/ip_repo/data_path' at e:/project/vivado/ku115/ip/ip_repo/data_path.
INFO: [IP_Flow 19-725] Reloaded user IP repository 'e:/project/vivado/ku115/ip/ip_repo/data_path'
set_property  ip_repo_paths  {} [current_project]
update_ip_catalog
INFO: [IP_Flow 19-234] Refreshing IP repositories
INFO: [IP_Flow 19-1704] No user IP repositories specified
set_property  ip_repo_paths  E:/project/vivado/ku115/ip [current_project]
update_ip_catalog
INFO: [IP_Flow 19-234] Refreshing IP repositories
INFO: [IP_Flow 19-1700] Loaded user IP repository 'e:/project/vivado/ku115/ip'.
WARNING: [IP_Flow 19-3656] If you move the project, the path for repository 'e:/project/vivado/ku115/ip' may become invalid. A better location for the repository would be in a path adjacent to the project. (Current project location is 'e:/project/vivado/ku115/ip/managed_ip_project'.)
ipx::edit_ip_in_project -upgrade true -name ds_top_v1_0_v1_0_project -directory E:/project/vivado/ku115/ip/managed_ip_project/managed_ip_project.tmp/ds_top_v1_0_v1_0_project e:/project/vivado/ku115/ip/ip_repo/ds_top/component.xml
INFO: [ProjectBase 1-489] The host OS only allows 260 characters in a normal path. The project is stored in a path with more than 80 characters. If you experience issues with IP, Block Designs, or files not being found, please consider moving the project to a location with a shorter path. Alternately consider using the OS subst command to map part of the path to a drive letter.
Current project path is 'e:/project/vivado/ku115/ip/managed_ip_project/managed_ip_project.tmp/ds_top_v1_0_v1_0_project'
INFO: [IP_Flow 19-234] Refreshing IP repositories
INFO: [IP_Flow 19-1704] No user IP repositories specified
INFO: [IP_Flow 19-2313] Loaded Vivado IP repository 'D:/Xilinx/Vivado/2016.3/data/ip'.
INFO: [IP_Flow 19-234] Refreshing IP repositories
INFO: [IP_Flow 19-1700] Loaded user IP repository 'e:/project/vivado/ku115/ip'.
WARNING: [IP_Flow 19-3656] If you move the project, the path for repository 'e:/project/vivado/ku115/ip' may become invalid. A better location for the repository would be in a path adjacent to the project. (Current project location is 'e:/project/vivado/ku115/ip/managed_ip_project/managed_ip_project.tmp/ds_top_v1_0_v1_0_project'.)
INFO: [IP_Flow 19-795] Syncing license key meta-data
INFO: [IP_Flow 19-793] Syncing display name meta-data
INFO: [IP_Flow 19-798] Syncing taxonomy meta-data
INFO: [IP_Flow 19-799] Syncing upgrade version meta-data
CRITICAL WARNING: [IP_Flow 19-3667] Component file 'ds_convert.v' does not exist. The file is ignored.
CRITICAL WARNING: [IP_Flow 19-3667] Component file 'ds_define.vh' does not exist. The file is ignored.
CRITICAL WARNING: [IP_Flow 19-3667] Component file 'ds_para_add_16.v' does not exist. The file is ignored.
CRITICAL WARNING: [IP_Flow 19-3667] Component file 'ds_bwd_frag.v' does not exist. The file is ignored.
CRITICAL WARNING: [IP_Flow 19-3667] Component file 'ds_convert_64.v' does not exist. The file is ignored.
CRITICAL WARNING: [IP_Flow 19-3667] Component file 'ds_frag_compare.v' does not exist. The file is ignored.
CRITICAL WARNING: [IP_Flow 19-3667] Component file 'ds_fwd_frag.v' does not exist. The file is ignored.
CRITICAL WARNING: [IP_Flow 19-3667] Component file 'ds_register_syn.v' does not exist. The file is ignored.
CRITICAL WARNING: [IP_Flow 19-3667] Component file 'ds_y_seg_compare.v' does not exist. The file is ignored.
CRITICAL WARNING: [IP_Flow 19-3667] Component file 'ds_z_frag_compare.v' does not exist. The file is ignored.
CRITICAL WARNING: [IP_Flow 19-3667] Component file 'ds_a_type_core.v' does not exist. The file is ignored.
CRITICAL WARNING: [IP_Flow 19-3667] Component file 'ds_b_type_core.v' does not exist. The file is ignored.
CRITICAL WARNING: [IP_Flow 19-3667] Component file 'ds_c_type_core.v' does not exist. The file is ignored.
CRITICAL WARNING: [IP_Flow 19-3667] Component file 'ds_pep_store.v' does not exist. The file is ignored.
CRITICAL WARNING: [IP_Flow 19-3667] Component file 'ds_registers.v' does not exist. The file is ignored.
CRITICAL WARNING: [IP_Flow 19-3667] Component file 'ds_res_package.v' does not exist. The file is ignored.
CRITICAL WARNING: [IP_Flow 19-3667] Component file 'ds_spec_store.v' does not exist. The file is ignored.
CRITICAL WARNING: [IP_Flow 19-3667] Component file 'ds_x_type_core.v' does not exist. The file is ignored.
CRITICAL WARNING: [IP_Flow 19-3667] Component file 'ds_y_type_core.v' does not exist. The file is ignored.
CRITICAL WARNING: [IP_Flow 19-3667] Component file 'ds_z_type_core.v' does not exist. The file is ignored.
CRITICAL WARNING: [IP_Flow 19-3667] Component file 'ds_top.v' does not exist. The file is ignored.
CRITICAL WARNING: [IP_Flow 19-3667] Component file 'ds_convert.v' does not exist. The file is ignored.
CRITICAL WARNING: [IP_Flow 19-3667] Component file 'ds_define.vh' does not exist. The file is ignored.
CRITICAL WARNING: [IP_Flow 19-3667] Component file 'ds_para_add_16.v' does not exist. The file is ignored.
CRITICAL WARNING: [IP_Flow 19-3667] Component file 'ds_bwd_frag.v' does not exist. The file is ignored.
CRITICAL WARNING: [IP_Flow 19-3667] Component file 'ds_convert_64.v' does not exist. The file is ignored.
CRITICAL WARNING: [IP_Flow 19-3667] Component file 'ds_frag_compare.v' does not exist. The file is ignored.
CRITICAL WARNING: [IP_Flow 19-3667] Component file 'ds_fwd_frag.v' does not exist. The file is ignored.
CRITICAL WARNING: [IP_Flow 19-3667] Component file 'ds_register_syn.v' does not exist. The file is ignored.
CRITICAL WARNING: [IP_Flow 19-3667] Component file 'ds_y_seg_compare.v' does not exist. The file is ignored.
CRITICAL WARNING: [IP_Flow 19-3667] Component file 'ds_z_frag_compare.v' does not exist. The file is ignored.
CRITICAL WARNING: [IP_Flow 19-3667] Component file 'ds_a_type_core.v' does not exist. The file is ignored.
CRITICAL WARNING: [IP_Flow 19-3667] Component file 'ds_b_type_core.v' does not exist. The file is ignored.
CRITICAL WARNING: [IP_Flow 19-3667] Component file 'ds_c_type_core.v' does not exist. The file is ignored.
CRITICAL WARNING: [IP_Flow 19-3667] Component file 'ds_pep_store.v' does not exist. The file is ignored.
CRITICAL WARNING: [IP_Flow 19-3667] Component file 'ds_registers.v' does not exist. The file is ignored.
CRITICAL WARNING: [IP_Flow 19-3667] Component file 'ds_res_package.v' does not exist. The file is ignored.
CRITICAL WARNING: [IP_Flow 19-3667] Component file 'ds_spec_store.v' does not exist. The file is ignored.
CRITICAL WARNING: [IP_Flow 19-3667] Component file 'ds_x_type_core.v' does not exist. The file is ignored.
CRITICAL WARNING: [IP_Flow 19-3667] Component file 'ds_y_type_core.v' does not exist. The file is ignored.
CRITICAL WARNING: [IP_Flow 19-3667] Component file 'ds_z_type_core.v' does not exist. The file is ignored.
CRITICAL WARNING: [IP_Flow 19-3667] Component file 'ds_top.v' does not exist. The file is ignored.
set_property source_mgmt_mode DisplayOnly [current_project]
add_files -norecurse -scan_for_includes E:/project/vivado/ku115/ip/ip_repo/ds_top/src/ds_define.vh
add_files -norecurse -scan_for_includes {E:/project/vivado/ku115/ip/ip_repo/ds_top/src/ds_b_type_core.v E:/project/vivado/ku115/ip/ip_repo/ds_top/src/ds_frag_compare.v E:/project/vivado/ku115/ip/ip_repo/ds_top/src/ds_registers.v E:/project/vivado/ku115/ip/ip_repo/ds_top/src/ds_c_type_core.v E:/project/vivado/ku115/ip/ip_repo/ds_top/src/ds_convert.v E:/project/vivado/ku115/ip/ip_repo/ds_top/src/ds_y_seg_compare.v E:/project/vivado/ku115/ip/ip_repo/ds_top/src/ds_bwd_frag.v E:/project/vivado/ku115/ip/ip_repo/ds_top/src/ds_top.v E:/project/vivado/ku115/ip/ip_repo/ds_top/src/ds_fwd_frag.v E:/project/vivado/ku115/ip/ip_repo/ds_top/src/ds_convert_64.v E:/project/vivado/ku115/ip/ip_repo/ds_top/src/ds_res_package.v E:/project/vivado/ku115/ip/ip_repo/ds_top/src/ds_x_type_core.v E:/project/vivado/ku115/ip/ip_repo/ds_top/src/ds_z_type_core.v E:/project/vivado/ku115/ip/ip_repo/ds_top/src/ds_y_type_core.v E:/project/vivado/ku115/ip/ip_repo/ds_top/src/ds_spec_store.v E:/project/vivado/ku115/ip/ip_repo/ds_top/src/tb_defines.v E:/project/vivado/ku115/ip/ip_repo/ds_top/src/ds_z_frag_compare.v E:/project/vivado/ku115/ip/ip_repo/ds_top/src/ds_para_add_16.v E:/project/vivado/ku115/ip/ip_repo/ds_top/src/ds_register_syn.v E:/project/vivado/ku115/ip/ip_repo/ds_top/src/ds_a_type_core.v E:/project/vivado/ku115/ip/ip_repo/ds_top/src/ds_pep_store.v}
ipx::merge_project_changes files [ipx::current_core]
ipx::merge_project_changes hdl_parameters [ipx::current_core]
INFO: [IP_Flow 19-1842] HDL Parser: Found include file "src/ds_define.vh" from the top-level HDL file.
set_property core_revision 2 [ipx::current_core]
ipx::create_xgui_files [ipx::current_core]
ipx::update_checksums [ipx::current_core]
ipx::save_core [ipx::current_core]
close_project -delete
****** Webtalk v2016.3 (64-bit)
  **** SW Build 1682563 on Mon Oct 10 19:07:27 MDT 2016
  **** IP Build 1681267 on Mon Oct 10 21:28:31 MDT 2016
    ** Copyright 1986-2016 Xilinx, Inc. All Rights Reserved.

source e:/project/vivado/ku115/ip/managed_ip_project/managed_ip_project.tmp/ds_top_v1_0_v1_0_project/ds_top_v1_0_v1_0_project.hw/webtalk/labtool_webtalk.tcl -notrace
INFO: [Common 17-206] Exiting Webtalk at Sun Mar 11 16:36:47 2018...
update_ip_catalog -rebuild -repo_path e:/project/vivado/ku115/ip
INFO: [IP_Flow 19-725] Reloaded user IP repository 'e:/project/vivado/ku115/ip'
ipx::edit_ip_in_project -upgrade true -name ds_top_v1_0_v1_0_project -directory E:/project/vivado/ku115/ip/managed_ip_project/managed_ip_project.tmp/ds_top_v1_0_v1_0_project e:/project/vivado/ku115/ip/ip_repo/ds_top/component.xml
INFO: [ProjectBase 1-489] The host OS only allows 260 characters in a normal path. The project is stored in a path with more than 80 characters. If you experience issues with IP, Block Designs, or files not being found, please consider moving the project to a location with a shorter path. Alternately consider using the OS subst command to map part of the path to a drive letter.
Current project path is 'e:/project/vivado/ku115/ip/managed_ip_project/managed_ip_project.tmp/ds_top_v1_0_v1_0_project'
INFO: [IP_Flow 19-234] Refreshing IP repositories
INFO: [IP_Flow 19-1704] No user IP repositories specified
INFO: [IP_Flow 19-2313] Loaded Vivado IP repository 'D:/Xilinx/Vivado/2016.3/data/ip'.
INFO: [IP_Flow 19-234] Refreshing IP repositories
INFO: [IP_Flow 19-1700] Loaded user IP repository 'e:/project/vivado/ku115/ip'.
WARNING: [IP_Flow 19-3656] If you move the project, the path for repository 'e:/project/vivado/ku115/ip' may become invalid. A better location for the repository would be in a path adjacent to the project. (Current project location is 'e:/project/vivado/ku115/ip/managed_ip_project/managed_ip_project.tmp/ds_top_v1_0_v1_0_project'.)
INFO: [IP_Flow 19-795] Syncing license key meta-data
INFO: [IP_Flow 19-793] Syncing display name meta-data
INFO: [IP_Flow 19-798] Syncing taxonomy meta-data
INFO: [IP_Flow 19-799] Syncing upgrade version meta-data
current_project managed_ip_project
update_ip_catalog -rebuild
INFO: [IP_Flow 19-234] Refreshing IP repositories
INFO: [IP_Flow 19-1700] Loaded user IP repository 'e:/project/vivado/ku115/ip'.
WARNING: [IP_Flow 19-3656] If you move the project, the path for repository 'e:/project/vivado/ku115/ip' may become invalid. A better location for the repository would be in a path adjacent to the project. (Current project location is 'e:/project/vivado/ku115/ip/managed_ip_project'.)
ipx::edit_ip_in_project -upgrade true -name ds_top_v1_0_v1_0_project -directory E:/project/vivado/ku115/ip/managed_ip_project/managed_ip_project.tmp/ds_top_v1_0_v1_0_project e:/project/vivado/ku115/ip/ip_repo/ds_top/component.xml
ERROR: [Ipptcl 7-561] A project named 'ds_top_v1_0_v1_0_project' is already opened.
ERROR: [Common 17-39] 'ipx::edit_ip_in_project' failed due to earlier errors.
current_project ds_top_v1_0_v1_0_project
close_project
****** Webtalk v2016.3 (64-bit)
  **** SW Build 1682563 on Mon Oct 10 19:07:27 MDT 2016
  **** IP Build 1681267 on Mon Oct 10 21:28:31 MDT 2016
    ** Copyright 1986-2016 Xilinx, Inc. All Rights Reserved.

source e:/project/vivado/ku115/ip/managed_ip_project/managed_ip_project.tmp/ds_top_v1_0_v1_0_project/ds_top_v1_0_v1_0_project.hw/webtalk/labtool_webtalk.tcl -notrace
INFO: [Common 17-206] Exiting Webtalk at Sun Mar 11 16:38:12 2018...
ipx::edit_ip_in_project -upgrade true -name ds_top_v1_0_v1_0_project -directory E:/project/vivado/ku115/ip/managed_ip_project/managed_ip_project.tmp/ds_top_v1_0_v1_0_project e:/project/vivado/ku115/ip/ip_repo/ds_top/component.xml
INFO: [ProjectBase 1-489] The host OS only allows 260 characters in a normal path. The project is stored in a path with more than 80 characters. If you experience issues with IP, Block Designs, or files not being found, please consider moving the project to a location with a shorter path. Alternately consider using the OS subst command to map part of the path to a drive letter.
Current project path is 'e:/project/vivado/ku115/ip/managed_ip_project/managed_ip_project.tmp/ds_top_v1_0_v1_0_project'
INFO: [IP_Flow 19-234] Refreshing IP repositories
INFO: [IP_Flow 19-1704] No user IP repositories specified
INFO: [IP_Flow 19-2313] Loaded Vivado IP repository 'D:/Xilinx/Vivado/2016.3/data/ip'.
INFO: [IP_Flow 19-234] Refreshing IP repositories
INFO: [IP_Flow 19-1700] Loaded user IP repository 'e:/project/vivado/ku115/ip'.
WARNING: [IP_Flow 19-3656] If you move the project, the path for repository 'e:/project/vivado/ku115/ip' may become invalid. A better location for the repository would be in a path adjacent to the project. (Current project location is 'e:/project/vivado/ku115/ip/managed_ip_project/managed_ip_project.tmp/ds_top_v1_0_v1_0_project'.)
INFO: [IP_Flow 19-795] Syncing license key meta-data
INFO: [IP_Flow 19-793] Syncing display name meta-data
INFO: [IP_Flow 19-798] Syncing taxonomy meta-data
INFO: [IP_Flow 19-799] Syncing upgrade version meta-data
close_project
****** Webtalk v2016.3 (64-bit)
  **** SW Build 1682563 on Mon Oct 10 19:07:27 MDT 2016
  **** IP Build 1681267 on Mon Oct 10 21:28:31 MDT 2016
    ** Copyright 1986-2016 Xilinx, Inc. All Rights Reserved.

source e:/project/vivado/ku115/ip/managed_ip_project/managed_ip_project.tmp/ds_top_v1_0_v1_0_project/ds_top_v1_0_v1_0_project.hw/webtalk/labtool_webtalk.tcl -notrace
INFO: [Common 17-206] Exiting Webtalk at Sun Mar 11 16:38:32 2018...
ipx::edit_ip_in_project -upgrade true -name ds_top_v1_0_v1_0_project -directory E:/project/vivado/ku115/ip/managed_ip_project/managed_ip_project.tmp/ds_top_v1_0_v1_0_project e:/project/vivado/ku115/ip/ip_repo/ds_top/component.xml
INFO: [ProjectBase 1-489] The host OS only allows 260 characters in a normal path. The project is stored in a path with more than 80 characters. If you experience issues with IP, Block Designs, or files not being found, please consider moving the project to a location with a shorter path. Alternately consider using the OS subst command to map part of the path to a drive letter.
Current project path is 'e:/project/vivado/ku115/ip/managed_ip_project/managed_ip_project.tmp/ds_top_v1_0_v1_0_project'
INFO: [IP_Flow 19-234] Refreshing IP repositories
INFO: [IP_Flow 19-1704] No user IP repositories specified
INFO: [IP_Flow 19-2313] Loaded Vivado IP repository 'D:/Xilinx/Vivado/2016.3/data/ip'.
INFO: [IP_Flow 19-234] Refreshing IP repositories
INFO: [IP_Flow 19-1700] Loaded user IP repository 'e:/project/vivado/ku115/ip'.
WARNING: [IP_Flow 19-3656] If you move the project, the path for repository 'e:/project/vivado/ku115/ip' may become invalid. A better location for the repository would be in a path adjacent to the project. (Current project location is 'e:/project/vivado/ku115/ip/managed_ip_project/managed_ip_project.tmp/ds_top_v1_0_v1_0_project'.)
INFO: [IP_Flow 19-795] Syncing license key meta-data
INFO: [IP_Flow 19-793] Syncing display name meta-data
INFO: [IP_Flow 19-798] Syncing taxonomy meta-data
INFO: [IP_Flow 19-799] Syncing upgrade version meta-data
close_project
****** Webtalk v2016.3 (64-bit)
  **** SW Build 1682563 on Mon Oct 10 19:07:27 MDT 2016
  **** IP Build 1681267 on Mon Oct 10 21:28:31 MDT 2016
    ** Copyright 1986-2016 Xilinx, Inc. All Rights Reserved.

source e:/project/vivado/ku115/ip/managed_ip_project/managed_ip_project.tmp/ds_top_v1_0_v1_0_project/ds_top_v1_0_v1_0_project.hw/webtalk/labtool_webtalk.tcl -notrace
INFO: [Common 17-206] Exiting Webtalk at Sun Mar 11 16:39:05 2018...
ipx::infer_core -vendor xilinx.com -library user -taxonomy /UserIP E:/project/vivado/ku115/ip/ip_repo/data_path
CRITICAL WARNING: [IP_Flow 19-370] No files matching *.vh *.v *.vhd *.vhdl *.vlog *.sv *.svh *.edn *.edif *.ngc found under "E:/project/vivado/ku115/ip/ip_repo/data_path" directory.
ipx::edit_ip_in_project -upgrade true -name ds_top_v1_0_v1_0_project -directory E:/project/vivado/ku115/ip/managed_ip_project/managed_ip_project.tmp/ds_top_v1_0_v1_0_project e:/project/vivado/ku115/ip/ip_repo/ds_top/component.xml
INFO: [ProjectBase 1-489] The host OS only allows 260 characters in a normal path. The project is stored in a path with more than 80 characters. If you experience issues with IP, Block Designs, or files not being found, please consider moving the project to a location with a shorter path. Alternately consider using the OS subst command to map part of the path to a drive letter.
Current project path is 'e:/project/vivado/ku115/ip/managed_ip_project/managed_ip_project.tmp/ds_top_v1_0_v1_0_project'
INFO: [IP_Flow 19-234] Refreshing IP repositories
INFO: [IP_Flow 19-1704] No user IP repositories specified
INFO: [IP_Flow 19-2313] Loaded Vivado IP repository 'D:/Xilinx/Vivado/2016.3/data/ip'.
INFO: [IP_Flow 19-234] Refreshing IP repositories
INFO: [IP_Flow 19-1700] Loaded user IP repository 'e:/project/vivado/ku115/ip'.
WARNING: [IP_Flow 19-3656] If you move the project, the path for repository 'e:/project/vivado/ku115/ip' may become invalid. A better location for the repository would be in a path adjacent to the project. (Current project location is 'e:/project/vivado/ku115/ip/managed_ip_project/managed_ip_project.tmp/ds_top_v1_0_v1_0_project'.)
INFO: [IP_Flow 19-795] Syncing license key meta-data
INFO: [IP_Flow 19-793] Syncing display name meta-data
INFO: [IP_Flow 19-798] Syncing taxonomy meta-data
INFO: [IP_Flow 19-799] Syncing upgrade version meta-data
close_project
****** Webtalk v2016.3 (64-bit)
  **** SW Build 1682563 on Mon Oct 10 19:07:27 MDT 2016
  **** IP Build 1681267 on Mon Oct 10 21:28:31 MDT 2016
    ** Copyright 1986-2016 Xilinx, Inc. All Rights Reserved.

source e:/project/vivado/ku115/ip/managed_ip_project/managed_ip_project.tmp/ds_top_v1_0_v1_0_project/ds_top_v1_0_v1_0_project.hw/webtalk/labtool_webtalk.tcl -notrace
INFO: [Common 17-206] Exiting Webtalk at Sun Mar 11 16:42:03 2018...
ipx::infer_core -vendor xilinx.com -library user -taxonomy /UserIP E:/project/vivado/ku115/ip/ip_repo/data_path
INFO: [IP_Flow 19-234] Refreshing IP repositories
INFO: [IP_Flow 19-1700] Loaded user IP repository 'e:/project/vivado/ku115/ip'.
WARNING: [IP_Flow 19-3656] If you move the project, the path for repository 'e:/project/vivado/ku115/ip' may become invalid. A better location for the repository would be in a path adjacent to the project. (Current project location is 'e:/project/vivado/ku115/ip/managed_ip_project'.)
INFO: [IP_Flow 19-2313] Loaded Vivado IP repository 'D:/Xilinx/Vivado/2016.3/data/ip'.
INFO: [IP_Flow 19-2228] Inferred bus interface 'axis_dma' of definition 'xilinx.com:interface:axis:1.0'.
INFO: [IP_Flow 19-4753] Inferred signal 'reset' from port 'rst' as interface 'rst'.
INFO: [IP_Flow 19-4753] Inferred signal 'clock' from port 'dma_clk' as interface 'dma_clk'.
INFO: [IP_Flow 19-4728] Bus Interface 'dma_clk': Added interface parameter 'ASSOCIATED_RESET' with value 'rst'.
INFO: [IP_Flow 19-4753] Inferred signal 'clock' from port 'ddr_clk' as interface 'ddr_clk'.
INFO: [IP_Flow 19-4728] Bus Interface 'ddr_clk': Added interface parameter 'ASSOCIATED_RESET' with value 'rst'.
INFO: [IP_Flow 19-4753] Inferred signal 'clock' from port 'usr_clk' as interface 'usr_clk'.
INFO: [IP_Flow 19-4728] Bus Interface 'usr_clk': Added interface parameter 'ASSOCIATED_RESET' with value 'rst'.
INFO: [IP_Flow 19-818] Not transferring value dependency attribute "spirit:decode(id('MODELPARAM_VALUE.REQ_DATA_WIDTH'))" into user parameter "RSP_DATA_WIDTH".
ipx::edit_ip_in_project -upgrade true -name edit_ip_project -directory E:/project/vivado/ku115/ip/managed_ip_project/managed_ip_project.tmp e:/project/vivado/ku115/ip/ip_repo/data_path/component.xml
INFO: [IP_Flow 19-234] Refreshing IP repositories
INFO: [IP_Flow 19-1704] No user IP repositories specified
INFO: [IP_Flow 19-2313] Loaded Vivado IP repository 'D:/Xilinx/Vivado/2016.3/data/ip'.
INFO: [IP_Flow 19-234] Refreshing IP repositories
INFO: [IP_Flow 19-1700] Loaded user IP repository 'e:/project/vivado/ku115/ip'.
WARNING: [IP_Flow 19-3656] If you move the project, the path for repository 'e:/project/vivado/ku115/ip' may become invalid. A better location for the repository would be in a path adjacent to the project. (Current project location is 'e:/project/vivado/ku115/ip/managed_ip_project/managed_ip_project.tmp'.)
INFO: [IP_Flow 19-795] Syncing license key meta-data
INFO: [IP_Flow 19-793] Syncing display name meta-data
INFO: [IP_Flow 19-798] Syncing taxonomy meta-data
ipx::current_core e:/project/vivado/ku115/ip/ip_repo/data_path/component.xml
add_files -norecurse -copy_to E:/project/vivado/ku115/ip/ip_repo/data_path/src {C:/Users/diabolum/Desktop/bio/ip/bram_320_160_16384.xcix C:/Users/diabolum/Desktop/bio/ip/fifo_async_fwft_208.xcix C:/Users/diabolum/Desktop/bio/ip/fifo_axis_async_256_user_208.xcix C:/Users/diabolum/Desktop/bio/ip/fifo_axis_async_256_user_88.xcix C:/Users/diabolum/Desktop/bio/ip/fifo_async_fwft_512.xci}
WARNING: [IP_Flow 19-2162] IP 'fifo_async_fwft_512' is locked:
* Current project part 'xcku115-flva1517-2-e' and the part 'xc7vx690tffg1761-2' used to customize the IP 'fifo_async_fwft_512' do not match.
Please select 'Report IP Status' from the 'Tools/Report' menu or run Tcl command 'report_ip_status' for more information.
report_ip_status -name ip_status 
upgrade_ip [get_ips  {bram_320_160_16384 fifo_async_fwft_208 fifo_async_fwft_512 fifo_axis_async_256_user_208 fifo_axis_async_256_user_88}] -log ip_upgrade.log
Upgrading 'bram_320_160_16384'
INFO: [Device 21-403] Loading part xcku115-flva1517-2-e
INFO: [IP_Flow 19-3420] Updated bram_320_160_16384 to use current project options
INFO: [IP_Flow 19-1686] Generating 'Instantiation Template' target for IP 'bram_320_160_16384'...
Upgrading 'fifo_async_fwft_208'
INFO: [IP_Flow 19-3420] Updated fifo_async_fwft_208 to use current project options
INFO: [IP_Flow 19-1686] Generating 'Instantiation Template' target for IP 'fifo_async_fwft_208'...
Upgrading 'fifo_async_fwft_512'
INFO: [IP_Flow 19-3420] Updated fifo_async_fwft_512 to use current project options
INFO: [IP_Flow 19-1686] Generating 'Instantiation Template' target for IP 'fifo_async_fwft_512'...
Upgrading 'fifo_axis_async_256_user_208'
INFO: [IP_Flow 19-3420] Updated fifo_axis_async_256_user_208 to use current project options
INFO: [IP_Flow 19-1686] Generating 'Instantiation Template' target for IP 'fifo_axis_async_256_user_208'...
Upgrading 'fifo_axis_async_256_user_88'
INFO: [IP_Flow 19-3420] Updated fifo_axis_async_256_user_88 to use current project options
INFO: [IP_Flow 19-1686] Generating 'Instantiation Template' target for IP 'fifo_axis_async_256_user_88'...
INFO: [Coretcl 2-1525] Wrote upgrade log to 'e:/project/vivado/ku115/ip/managed_ip_project/managed_ip_project.tmp/ip_upgrade.log'.
upgrade_ip: Time (s): cpu = 00:00:22 ; elapsed = 00:00:22 . Memory (MB): peak = 1655.641 ; gain = 479.352
export_ip_user_files -of_objects [get_ips {bram_320_160_16384 fifo_async_fwft_208 fifo_async_fwft_512 fifo_axis_async_256_user_208 fifo_axis_async_256_user_88}] -no_script -sync -force -quiet
set_property vendor fudan [ipx::current_core]
set_property library bio [ipx::current_core]
ipx::merge_project_changes files [ipx::current_core]
CRITICAL WARNING: [IP_Flow 19-4964] bram_320_160_16384 has core container option enabled. This is not supported for packaging. Please disable this option.
CRITICAL WARNING: [IP_Flow 19-4964] fifo_axis_async_256_user_208 has core container option enabled. This is not supported for packaging. Please disable this option.
CRITICAL WARNING: [IP_Flow 19-4964] fifo_async_fwft_208 has core container option enabled. This is not supported for packaging. Please disable this option.
CRITICAL WARNING: [IP_Flow 19-4964] fifo_axis_async_256_user_88 has core container option enabled. This is not supported for packaging. Please disable this option.
ipx::add_bus_interface spec_axis [ipx::current_core]
set_property abstraction_type_vlnv xilinx.com:interface:axis_rtl:1.0 [ipx::get_bus_interfaces spec_axis -of_objects [ipx::current_core]]
set_property bus_type_vlnv xilinx.com:interface:axis:1.0 [ipx::get_bus_interfaces spec_axis -of_objects [ipx::current_core]]
set_property interface_mode master [ipx::get_bus_interfaces spec_axis -of_objects [ipx::current_core]]
ipx::add_port_map TDATA [ipx::get_bus_interfaces spec_axis -of_objects [ipx::current_core]]
set_property physical_name axis_spec_data [ipx::get_port_maps TDATA -of_objects [ipx::get_bus_interfaces spec_axis -of_objects [ipx::current_core]]]
ipx::add_port_map TLAST [ipx::get_bus_interfaces spec_axis -of_objects [ipx::current_core]]
set_property physical_name axis_spec_last [ipx::get_port_maps TLAST -of_objects [ipx::get_bus_interfaces spec_axis -of_objects [ipx::current_core]]]
ipx::add_port_map TVALID [ipx::get_bus_interfaces spec_axis -of_objects [ipx::current_core]]
set_property physical_name axis_spec_valid [ipx::get_port_maps TVALID -of_objects [ipx::get_bus_interfaces spec_axis -of_objects [ipx::current_core]]]
ipx::add_port_map TKEEP [ipx::get_bus_interfaces spec_axis -of_objects [ipx::current_core]]
set_property physical_name axis_spec_keep [ipx::get_port_maps TKEEP -of_objects [ipx::get_bus_interfaces spec_axis -of_objects [ipx::current_core]]]
ipx::add_port_map TREADY [ipx::get_bus_interfaces spec_axis -of_objects [ipx::current_core]]
set_property physical_name axis_spec_ready [ipx::get_port_maps TREADY -of_objects [ipx::get_bus_interfaces spec_axis -of_objects [ipx::current_core]]]
ipx::add_bus_interface pep_axis [ipx::current_core]
set_property abstraction_type_vlnv xilinx.com:interface:axis_rtl:1.0 [ipx::get_bus_interfaces pep_axis -of_objects [ipx::current_core]]
set_property bus_type_vlnv xilinx.com:interface:axis:1.0 [ipx::get_bus_interfaces pep_axis -of_objects [ipx::current_core]]
set_property interface_mode master [ipx::get_bus_interfaces pep_axis -of_objects [ipx::current_core]]
ipx::add_port_map TUSER [ipx::get_bus_interfaces pep_axis -of_objects [ipx::current_core]]
set_property physical_name axis_pep_user [ipx::get_port_maps TUSER -of_objects [ipx::get_bus_interfaces pep_axis -of_objects [ipx::current_core]]]
ipx::add_port_map TDATA [ipx::get_bus_interfaces pep_axis -of_objects [ipx::current_core]]
set_property physical_name axis_pep_data [ipx::get_port_maps TDATA -of_objects [ipx::get_bus_interfaces pep_axis -of_objects [ipx::current_core]]]
ipx::add_port_map TVALID [ipx::get_bus_interfaces pep_axis -of_objects [ipx::current_core]]
set_property physical_name axis_pep_valid [ipx::get_port_maps TVALID -of_objects [ipx::get_bus_interfaces pep_axis -of_objects [ipx::current_core]]]
ipx::add_port_map TLAST [ipx::get_bus_interfaces pep_axis -of_objects [ipx::current_core]]
set_property physical_name axis_pep_last [ipx::get_port_maps TLAST -of_objects [ipx::get_bus_interfaces pep_axis -of_objects [ipx::current_core]]]
ipx::add_port_map TKEEP [ipx::get_bus_interfaces pep_axis -of_objects [ipx::current_core]]
set_property physical_name axis_pep_keep [ipx::get_port_maps TKEEP -of_objects [ipx::get_bus_interfaces pep_axis -of_objects [ipx::current_core]]]
ipx::add_port_map TREADY [ipx::get_bus_interfaces pep_axis -of_objects [ipx::current_core]]
set_property physical_name axis_pep_ready [ipx::get_port_maps TREADY -of_objects [ipx::get_bus_interfaces pep_axis -of_objects [ipx::current_core]]]
ipx::add_bus_interface pr_axis [ipx::current_core]
set_property abstraction_type_vlnv xilinx.com:interface:axis_rtl:1.0 [ipx::get_bus_interfaces pr_axis -of_objects [ipx::current_core]]
set_property bus_type_vlnv xilinx.com:interface:axis:1.0 [ipx::get_bus_interfaces pr_axis -of_objects [ipx::current_core]]
ipx::add_port_map TDATA [ipx::get_bus_interfaces pr_axis -of_objects [ipx::current_core]]
set_property physical_name s_axis_data_pr [ipx::get_port_maps TDATA -of_objects [ipx::get_bus_interfaces pr_axis -of_objects [ipx::current_core]]]
ipx::add_port_map TVALID [ipx::get_bus_interfaces pr_axis -of_objects [ipx::current_core]]
set_property physical_name s_axis_valid_pr [ipx::get_port_maps TVALID -of_objects [ipx::get_bus_interfaces pr_axis -of_objects [ipx::current_core]]]
ipx::add_port_map TLAST [ipx::get_bus_interfaces pr_axis -of_objects [ipx::current_core]]
set_property physical_name s_axis_last_pr [ipx::get_port_maps TLAST -of_objects [ipx::get_bus_interfaces pr_axis -of_objects [ipx::current_core]]]
ipx::add_port_map TKEEP [ipx::get_bus_interfaces pr_axis -of_objects [ipx::current_core]]
set_property physical_name s_axis_keep_pr [ipx::get_port_maps TKEEP -of_objects [ipx::get_bus_interfaces pr_axis -of_objects [ipx::current_core]]]
ipx::add_port_map TREADY [ipx::get_bus_interfaces pr_axis -of_objects [ipx::current_core]]
set_property physical_name s_axis_ready_pr [ipx::get_port_maps TREADY -of_objects [ipx::get_bus_interfaces pr_axis -of_objects [ipx::current_core]]]
ipx::add_bus_parameter ASSOCIATED_BUSIF [ipx::get_bus_interfaces dma_clk -of_objects [ipx::current_core]]
set_property value axis_dma [ipx::get_bus_parameters ASSOCIATED_BUSIF -of_objects [ipx::get_bus_interfaces dma_clk -of_objects [ipx::current_core]]]
ipx::add_bus_parameter ASSOCIATED_BUSIF [ipx::get_bus_interfaces ddr_clk -of_objects [ipx::current_core]]
set_property value pr_axis [ipx::get_bus_parameters ASSOCIATED_BUSIF -of_objects [ipx::get_bus_interfaces ddr_clk -of_objects [ipx::current_core]]]
ipx::add_bus_parameter ASSOCIATED_BUSIF [ipx::get_bus_interfaces usr_clk -of_objects [ipx::current_core]]
set_property value spec_axis:pep_axis [ipx::get_bus_parameters ASSOCIATED_BUSIF -of_objects [ipx::get_bus_interfaces usr_clk -of_objects [ipx::current_core]]]
convert_ips [get_files  E:/project/vivado/ku115/ip/ip_repo/data_path/src/fifo_async_fwft_208/fifo_async_fwft_208/fifo_async_fwft_208.xci]
INFO: [filemgmt 56-105] Converting IP 'fifo_async_fwft_208' into non-core container format.
export_ip_user_files -of_objects  [get_files  E:/project/vivado/ku115/ip/ip_repo/data_path/src/fifo_async_fwft_208/fifo_async_fwft_208/fifo_async_fwft_208.xci] -sync -lib_map_path [list {modelsim=e:/project/vivado/ku115/ip/managed_ip_project/managed_ip_project.tmp/edit_ip_project.cache/compile_simlib/modelsim} {questa=e:/project/vivado/ku115/ip/managed_ip_project/managed_ip_project.tmp/edit_ip_project.cache/compile_simlib/questa} {riviera=e:/project/vivado/ku115/ip/managed_ip_project/managed_ip_project.tmp/edit_ip_project.cache/compile_simlib/riviera} {activehdl=e:/project/vivado/ku115/ip/managed_ip_project/managed_ip_project.tmp/edit_ip_project.cache/compile_simlib/activehdl}] -force -quiet
set_property coreContainer.enable 1 [current_project]
convert_ips [get_files  E:/project/vivado/ku115/ip/ip_repo/data_path/src/fifo_axis_async_256_user_88/fifo_axis_async_256_user_88/fifo_axis_async_256_user_88.xci]
INFO: [filemgmt 56-105] Converting IP 'fifo_axis_async_256_user_88' into non-core container format.
export_ip_user_files -of_objects  [get_files  E:/project/vivado/ku115/ip/ip_repo/data_path/src/fifo_axis_async_256_user_88/fifo_axis_async_256_user_88/fifo_axis_async_256_user_88.xci] -sync -lib_map_path [list {modelsim=e:/project/vivado/ku115/ip/managed_ip_project/managed_ip_project.tmp/edit_ip_project.cache/compile_simlib/modelsim} {questa=e:/project/vivado/ku115/ip/managed_ip_project/managed_ip_project.tmp/edit_ip_project.cache/compile_simlib/questa} {riviera=e:/project/vivado/ku115/ip/managed_ip_project/managed_ip_project.tmp/edit_ip_project.cache/compile_simlib/riviera} {activehdl=e:/project/vivado/ku115/ip/managed_ip_project/managed_ip_project.tmp/edit_ip_project.cache/compile_simlib/activehdl}] -force -quiet
convert_ips [get_files  E:/project/vivado/ku115/ip/ip_repo/data_path/src/fifo_axis_async_256_user_208/fifo_axis_async_256_user_208/fifo_axis_async_256_user_208.xci]
INFO: [filemgmt 56-105] Converting IP 'fifo_axis_async_256_user_208' into non-core container format.
export_ip_user_files -of_objects  [get_files  E:/project/vivado/ku115/ip/ip_repo/data_path/src/fifo_axis_async_256_user_208/fifo_axis_async_256_user_208/fifo_axis_async_256_user_208.xci] -sync -lib_map_path [list {modelsim=e:/project/vivado/ku115/ip/managed_ip_project/managed_ip_project.tmp/edit_ip_project.cache/compile_simlib/modelsim} {questa=e:/project/vivado/ku115/ip/managed_ip_project/managed_ip_project.tmp/edit_ip_project.cache/compile_simlib/questa} {riviera=e:/project/vivado/ku115/ip/managed_ip_project/managed_ip_project.tmp/edit_ip_project.cache/compile_simlib/riviera} {activehdl=e:/project/vivado/ku115/ip/managed_ip_project/managed_ip_project.tmp/edit_ip_project.cache/compile_simlib/activehdl}] -force -quiet
convert_ips [get_files  E:/project/vivado/ku115/ip/ip_repo/data_path/src/bram_320_160_16384/bram_320_160_16384/bram_320_160_16384.xci]
INFO: [filemgmt 56-105] Converting IP 'bram_320_160_16384' into non-core container format.
export_ip_user_files -of_objects  [get_files  E:/project/vivado/ku115/ip/ip_repo/data_path/src/bram_320_160_16384/bram_320_160_16384/bram_320_160_16384.xci] -sync -lib_map_path [list {modelsim=e:/project/vivado/ku115/ip/managed_ip_project/managed_ip_project.tmp/edit_ip_project.cache/compile_simlib/modelsim} {questa=e:/project/vivado/ku115/ip/managed_ip_project/managed_ip_project.tmp/edit_ip_project.cache/compile_simlib/questa} {riviera=e:/project/vivado/ku115/ip/managed_ip_project/managed_ip_project.tmp/edit_ip_project.cache/compile_simlib/riviera} {activehdl=e:/project/vivado/ku115/ip/managed_ip_project/managed_ip_project.tmp/edit_ip_project.cache/compile_simlib/activehdl}] -force -quiet
ipx::merge_project_changes files [ipx::current_core]
INFO: [filemgmt 56-101] Creating core container 'e:/project/vivado/ku115/ip/ip_repo/data_path/data_path_0_1.xcix' for IP 'data_path_0'
set_property name dma_axis [ipx::get_bus_interfaces axis_dma -of_objects [ipx::current_core]]
INFO: [filemgmt 56-101] Creating core container 'e:/project/vivado/ku115/ip/ip_repo/data_path/data_path_0_1.xcix' for IP 'data_path_0'
set_property value dma_axis [ipx::get_bus_parameters ASSOCIATED_BUSIF -of_objects [ipx::get_bus_interfaces dma_clk -of_objects [ipx::current_core]]]
set_property previous_version_for_upgrade xilinx.com:user:data_path:1.0 [ipx::current_core]
set_property core_revision 1 [ipx::current_core]
ipx::create_xgui_files [ipx::current_core]
ipx::update_checksums [ipx::current_core]
ipx::save_core [ipx::current_core]
INFO: [filemgmt 56-101] Creating core container 'e:/project/vivado/ku115/ip/ip_repo/data_path/data_path_0_1.xcix' for IP 'data_path_0'
close_project -delete
****** Webtalk v2016.3 (64-bit)
  **** SW Build 1682563 on Mon Oct 10 19:07:27 MDT 2016
  **** IP Build 1681267 on Mon Oct 10 21:28:31 MDT 2016
    ** Copyright 1986-2016 Xilinx, Inc. All Rights Reserved.

source e:/project/vivado/ku115/ip/managed_ip_project/managed_ip_project.tmp/edit_ip_project.hw/webtalk/labtool_webtalk.tcl -notrace
INFO: [Common 17-206] Exiting Webtalk at Sun Mar 11 16:53:15 2018...
update_ip_catalog -rebuild -repo_path e:/project/vivado/ku115/ip
INFO: [IP_Flow 19-725] Reloaded user IP repository 'e:/project/vivado/ku115/ip'
ipx::edit_ip_in_project -upgrade true -name data_path_v1_0_v1_0_project -directory E:/project/vivado/ku115/ip/managed_ip_project/managed_ip_project.tmp/data_path_v1_0_v1_0_project e:/project/vivado/ku115/ip/ip_repo/data_path/component.xml
INFO: [ProjectBase 1-489] The host OS only allows 260 characters in a normal path. The project is stored in a path with more than 80 characters. If you experience issues with IP, Block Designs, or files not being found, please consider moving the project to a location with a shorter path. Alternately consider using the OS subst command to map part of the path to a drive letter.
Current project path is 'e:/project/vivado/ku115/ip/managed_ip_project/managed_ip_project.tmp/data_path_v1_0_v1_0_project'
INFO: [IP_Flow 19-234] Refreshing IP repositories
INFO: [IP_Flow 19-1704] No user IP repositories specified
INFO: [IP_Flow 19-2313] Loaded Vivado IP repository 'D:/Xilinx/Vivado/2016.3/data/ip'.
INFO: [IP_Flow 19-234] Refreshing IP repositories
INFO: [IP_Flow 19-1700] Loaded user IP repository 'e:/project/vivado/ku115/ip'.
WARNING: [IP_Flow 19-3656] If you move the project, the path for repository 'e:/project/vivado/ku115/ip' may become invalid. A better location for the repository would be in a path adjacent to the project. (Current project location is 'e:/project/vivado/ku115/ip/managed_ip_project/managed_ip_project.tmp/data_path_v1_0_v1_0_project'.)
INFO: [IP_Flow 19-795] Syncing license key meta-data
INFO: [IP_Flow 19-793] Syncing display name meta-data
INFO: [IP_Flow 19-798] Syncing taxonomy meta-data
INFO: [IP_Flow 19-799] Syncing upgrade version meta-data
close_project
****** Webtalk v2016.3 (64-bit)
  **** SW Build 1682563 on Mon Oct 10 19:07:27 MDT 2016
  **** IP Build 1681267 on Mon Oct 10 21:28:31 MDT 2016
    ** Copyright 1986-2016 Xilinx, Inc. All Rights Reserved.

source e:/project/vivado/ku115/ip/managed_ip_project/managed_ip_project.tmp/data_path_v1_0_v1_0_project/data_path_v1_0_v1_0_project.hw/webtalk/labtool_webtalk.tcl -notrace
INFO: [Common 17-206] Exiting Webtalk at Sun Mar 11 16:53:37 2018...
ipx::edit_ip_in_project -upgrade true -name data_path_v1_0_v1_0_project -directory E:/project/vivado/ku115/ip/managed_ip_project/managed_ip_project.tmp/data_path_v1_0_v1_0_project e:/project/vivado/ku115/ip/ip_repo/data_path/component.xml
INFO: [ProjectBase 1-489] The host OS only allows 260 characters in a normal path. The project is stored in a path with more than 80 characters. If you experience issues with IP, Block Designs, or files not being found, please consider moving the project to a location with a shorter path. Alternately consider using the OS subst command to map part of the path to a drive letter.
Current project path is 'e:/project/vivado/ku115/ip/managed_ip_project/managed_ip_project.tmp/data_path_v1_0_v1_0_project'
INFO: [IP_Flow 19-234] Refreshing IP repositories
INFO: [IP_Flow 19-1704] No user IP repositories specified
INFO: [IP_Flow 19-2313] Loaded Vivado IP repository 'D:/Xilinx/Vivado/2016.3/data/ip'.
INFO: [IP_Flow 19-234] Refreshing IP repositories
INFO: [IP_Flow 19-1700] Loaded user IP repository 'e:/project/vivado/ku115/ip'.
WARNING: [IP_Flow 19-3656] If you move the project, the path for repository 'e:/project/vivado/ku115/ip' may become invalid. A better location for the repository would be in a path adjacent to the project. (Current project location is 'e:/project/vivado/ku115/ip/managed_ip_project/managed_ip_project.tmp/data_path_v1_0_v1_0_project'.)
INFO: [IP_Flow 19-795] Syncing license key meta-data
INFO: [IP_Flow 19-793] Syncing display name meta-data
INFO: [IP_Flow 19-798] Syncing taxonomy meta-data
INFO: [IP_Flow 19-799] Syncing upgrade version meta-data
current_project managed_ip_project
ipx::edit_ip_in_project -upgrade true -name ds_top_v1_0_v1_0_project -directory E:/project/vivado/ku115/ip/managed_ip_project/managed_ip_project.tmp/ds_top_v1_0_v1_0_project e:/project/vivado/ku115/ip/ip_repo/ds_top/component.xml
INFO: [ProjectBase 1-489] The host OS only allows 260 characters in a normal path. The project is stored in a path with more than 80 characters. If you experience issues with IP, Block Designs, or files not being found, please consider moving the project to a location with a shorter path. Alternately consider using the OS subst command to map part of the path to a drive letter.
Current project path is 'e:/project/vivado/ku115/ip/managed_ip_project/managed_ip_project.tmp/ds_top_v1_0_v1_0_project'
INFO: [IP_Flow 19-234] Refreshing IP repositories
INFO: [IP_Flow 19-1704] No user IP repositories specified
INFO: [IP_Flow 19-2313] Loaded Vivado IP repository 'D:/Xilinx/Vivado/2016.3/data/ip'.
INFO: [IP_Flow 19-234] Refreshing IP repositories
INFO: [IP_Flow 19-1700] Loaded user IP repository 'e:/project/vivado/ku115/ip'.
WARNING: [IP_Flow 19-3656] If you move the project, the path for repository 'e:/project/vivado/ku115/ip' may become invalid. A better location for the repository would be in a path adjacent to the project. (Current project location is 'e:/project/vivado/ku115/ip/managed_ip_project/managed_ip_project.tmp/ds_top_v1_0_v1_0_project'.)
INFO: [IP_Flow 19-795] Syncing license key meta-data
INFO: [IP_Flow 19-793] Syncing display name meta-data
INFO: [IP_Flow 19-798] Syncing taxonomy meta-data
INFO: [IP_Flow 19-799] Syncing upgrade version meta-data
close_project
****** Webtalk v2016.3 (64-bit)
  **** SW Build 1682563 on Mon Oct 10 19:07:27 MDT 2016
  **** IP Build 1681267 on Mon Oct 10 21:28:31 MDT 2016
    ** Copyright 1986-2016 Xilinx, Inc. All Rights Reserved.

source e:/project/vivado/ku115/ip/managed_ip_project/managed_ip_project.tmp/ds_top_v1_0_v1_0_project/ds_top_v1_0_v1_0_project.hw/webtalk/labtool_webtalk.tcl -notrace
INFO: [Common 17-206] Exiting Webtalk at Sun Mar 11 17:07:03 2018...
close_project
****** Webtalk v2016.3 (64-bit)
  **** SW Build 1682563 on Mon Oct 10 19:07:27 MDT 2016
  **** IP Build 1681267 on Mon Oct 10 21:28:31 MDT 2016
    ** Copyright 1986-2016 Xilinx, Inc. All Rights Reserved.

source e:/project/vivado/ku115/ip/managed_ip_project/managed_ip_project.tmp/data_path_v1_0_v1_0_project/data_path_v1_0_v1_0_project.hw/webtalk/labtool_webtalk.tcl -notrace
INFO: [Common 17-206] Exiting Webtalk at Sun Mar 11 17:07:06 2018...
exit
INFO: [Common 17-206] Exiting Vivado at Sun Mar 11 17:07:09 2018...
